{"/Users/lighttimfire/Desktop/solar-budget/App.js": {"path":"/Users/lighttimfire/Desktop/solar-budget/App.js","statementMap":{"0":{"start":{"line":14,"column":4},"end":{"line":14,"column":17}},"1":{"start":{"line":16,"column":4},"end":{"line":16,"column":35}},"2":{"start":{"line":19,"column":14},"end":{"line":33,"column":3}},"3":{"start":{"line":20,"column":23},"end":{"line":20,"column":59}},"4":{"start":{"line":22,"column":18},"end":{"line":28,"column":6}},"5":{"start":{"line":31,"column":4},"end":{"line":31,"column":34}},"6":{"start":{"line":32,"column":4},"end":{"line":32,"column":32}},"7":{"start":{"line":36,"column":4},"end":{"line":44,"column":5}},"8":{"start":{"line":37,"column":6},"end":{"line":43,"column":8}},"9":{"start":{"line":40,"column":26},"end":{"line":40,"column":59}},"10":{"start":{"line":46,"column":4},"end":{"line":52,"column":6}}},"fnMap":{"0":{"name":"(anonymous_0)","decl":{"start":{"line":13,"column":2},"end":{"line":13,"column":3}},"loc":{"start":{"line":13,"column":21},"end":{"line":17,"column":3}},"line":13},"1":{"name":"(anonymous_1)","decl":{"start":{"line":19,"column":14},"end":{"line":19,"column":15}},"loc":{"start":{"line":19,"column":26},"end":{"line":33,"column":3}},"line":19},"2":{"name":"(anonymous_2)","decl":{"start":{"line":35,"column":2},"end":{"line":35,"column":3}},"loc":{"start":{"line":35,"column":11},"end":{"line":53,"column":3}},"line":35},"3":{"name":"(anonymous_3)","decl":{"start":{"line":40,"column":20},"end":{"line":40,"column":21}},"loc":{"start":{"line":40,"column":26},"end":{"line":40,"column":59}},"line":40}},"branchMap":{"0":{"loc":{"start":{"line":36,"column":4},"end":{"line":44,"column":5}},"type":"if","locations":[{"start":{"line":36,"column":4},"end":{"line":44,"column":5}},{"start":{"line":36,"column":4},"end":{"line":44,"column":5}}],"line":36}},"s":{"0":0,"1":0,"2":0,"3":0,"4":0,"5":0,"6":0,"7":0,"8":0,"9":0,"10":0},"f":{"0":0,"1":0,"2":0,"3":0},"b":{"0":[0,0]},"hash":"78519d8f85df18dd4572bad98841f76f0111420c"}
,"/Users/lighttimfire/Desktop/solar-budget/metro.config.js": {"path":"/Users/lighttimfire/Desktop/solar-budget/metro.config.js","statementMap":{"0":{"start":{"line":2,"column":29},"end":{"line":2,"column":52}},"1":{"start":{"line":5,"column":0},"end":{"line":18,"column":5}},"2":{"start":{"line":8,"column":6},"end":{"line":8,"column":30}},"3":{"start":{"line":9,"column":2},"end":{"line":17,"column":4}},"4":{"start":{"line":14,"column":41},"end":{"line":14,"column":54}}},"fnMap":{"0":{"name":"(anonymous_0)","decl":{"start":{"line":5,"column":18},"end":{"line":5,"column":19}},"loc":{"start":{"line":5,"column":30},"end":{"line":18,"column":1}},"line":5},"1":{"name":"(anonymous_1)","decl":{"start":{"line":14,"column":34},"end":{"line":14,"column":35}},"loc":{"start":{"line":14,"column":41},"end":{"line":14,"column":54}},"line":14}},"branchMap":{},"s":{"0":0,"1":0,"2":0,"3":0,"4":0},"f":{"0":0,"1":0},"b":{},"hash":"d0144441f3bfe5c4fe2c3d3fc18a79f03a7d7560"}
,"/Users/lighttimfire/Desktop/solar-budget/src/components/AddRatePairModal.js": {"path":"/Users/lighttimfire/Desktop/solar-budget/src/components/AddRatePairModal.js","statementMap":{"0":{"start":{"line":7,"column":15},"end":{"line":48,"column":2}},"1":{"start":{"line":54,"column":2},"end":{"line":117,"column":4}}},"fnMap":{"0":{"name":"AddRatePairModal","decl":{"start":{"line":50,"column":24},"end":{"line":50,"column":40}},"loc":{"start":{"line":53,"column":3},"end":{"line":118,"column":1}},"line":53}},"branchMap":{},"s":{"0":0,"1":0},"f":{"0":0},"b":{},"hash":"070962fdc65f596ea1a6317bad0dff0c8b1a55b1"}
,"/Users/lighttimfire/Desktop/solar-budget/src/components/BackButton.js": {"path":"/Users/lighttimfire/Desktop/solar-budget/src/components/BackButton.js","statementMap":{"0":{"start":{"line":7,"column":15},"end":{"line":12,"column":2}},"1":{"start":{"line":15,"column":17},"end":{"line":15,"column":49}},"2":{"start":{"line":15,"column":23},"end":{"line":15,"column":49}},"3":{"start":{"line":16,"column":2},"end":{"line":18,"column":4}}},"fnMap":{"0":{"name":"BackButton","decl":{"start":{"line":14,"column":24},"end":{"line":14,"column":34}},"loc":{"start":{"line":14,"column":37},"end":{"line":19,"column":1}},"line":14},"1":{"name":"(anonymous_1)","decl":{"start":{"line":15,"column":17},"end":{"line":15,"column":18}},"loc":{"start":{"line":15,"column":23},"end":{"line":15,"column":49}},"line":15}},"branchMap":{},"s":{"0":0,"1":0,"2":0,"3":0},"f":{"0":0,"1":0},"b":{},"hash":"7fb84b917bf6c143d1a61391e93ca69bfeff34d8"}
,"/Users/lighttimfire/Desktop/solar-budget/src/components/BillModal.js": {"path":"/Users/lighttimfire/Desktop/solar-budget/src/components/BillModal.js","statementMap":{"0":{"start":{"line":27,"column":15},"end":{"line":154,"column":2}},"1":{"start":{"line":157,"column":19},"end":{"line":157,"column":32}},"2":{"start":{"line":158,"column":15},"end":{"line":158,"column":73}},"3":{"start":{"line":158,"column":36},"end":{"line":158,"column":72}},"4":{"start":{"line":158,"column":60},"end":{"line":158,"column":71}},"5":{"start":{"line":159,"column":33},"end":{"line":159,"column":47}},"6":{"start":{"line":160,"column":34},"end":{"line":160,"column":49}},"7":{"start":{"line":161,"column":38},"end":{"line":161,"column":50}},"8":{"start":{"line":163,"column":27},"end":{"line":173,"column":3}},"9":{"start":{"line":163,"column":36},"end":{"line":173,"column":3}},"10":{"start":{"line":164,"column":33},"end":{"line":164,"column":54}},"11":{"start":{"line":165,"column":4},"end":{"line":165,"column":22}},"12":{"start":{"line":166,"column":4},"end":{"line":171,"column":5}},"13":{"start":{"line":167,"column":6},"end":{"line":169,"column":7}},"14":{"start":{"line":168,"column":8},"end":{"line":168,"column":27}},"15":{"start":{"line":170,"column":6},"end":{"line":170,"column":52}},"16":{"start":{"line":172,"column":4},"end":{"line":172,"column":37}},"17":{"start":{"line":175,"column":21},"end":{"line":194,"column":3}},"18":{"start":{"line":176,"column":15},"end":{"line":176,"column":45}},"19":{"start":{"line":177,"column":4},"end":{"line":180,"column":5}},"20":{"start":{"line":178,"column":6},"end":{"line":178,"column":29}},"21":{"start":{"line":179,"column":6},"end":{"line":179,"column":32}},"22":{"start":{"line":181,"column":4},"end":{"line":190,"column":6}},"23":{"start":{"line":191,"column":4},"end":{"line":191,"column":53}},"24":{"start":{"line":192,"column":4},"end":{"line":192,"column":19}},"25":{"start":{"line":193,"column":4},"end":{"line":193,"column":22}},"26":{"start":{"line":196,"column":2},"end":{"line":306,"column":4}},"27":{"start":{"line":215,"column":39},"end":{"line":215,"column":57}},"28":{"start":{"line":229,"column":39},"end":{"line":229,"column":57}},"29":{"start":{"line":243,"column":39},"end":{"line":243,"column":57}},"30":{"start":{"line":287,"column":44},"end":{"line":287,"column":67}}},"fnMap":{"0":{"name":"BillModal","decl":{"start":{"line":156,"column":24},"end":{"line":156,"column":33}},"loc":{"start":{"line":156,"column":66},"end":{"line":307,"column":1}},"line":156},"1":{"name":"(anonymous_1)","decl":{"start":{"line":158,"column":27},"end":{"line":158,"column":28}},"loc":{"start":{"line":158,"column":36},"end":{"line":158,"column":72}},"line":158},"2":{"name":"(anonymous_2)","decl":{"start":{"line":158,"column":52},"end":{"line":158,"column":53}},"loc":{"start":{"line":158,"column":60},"end":{"line":158,"column":71}},"line":158},"3":{"name":"(anonymous_3)","decl":{"start":{"line":163,"column":27},"end":{"line":163,"column":28}},"loc":{"start":{"line":163,"column":36},"end":{"line":173,"column":3}},"line":163},"4":{"name":"(anonymous_4)","decl":{"start":{"line":163,"column":36},"end":{"line":163,"column":37}},"loc":{"start":{"line":163,"column":42},"end":{"line":173,"column":3}},"line":163},"5":{"name":"(anonymous_5)","decl":{"start":{"line":175,"column":21},"end":{"line":175,"column":22}},"loc":{"start":{"line":175,"column":27},"end":{"line":194,"column":3}},"line":175},"6":{"name":"(anonymous_6)","decl":{"start":{"line":215,"column":33},"end":{"line":215,"column":34}},"loc":{"start":{"line":215,"column":39},"end":{"line":215,"column":57}},"line":215},"7":{"name":"(anonymous_7)","decl":{"start":{"line":229,"column":33},"end":{"line":229,"column":34}},"loc":{"start":{"line":229,"column":39},"end":{"line":229,"column":57}},"line":229},"8":{"name":"(anonymous_8)","decl":{"start":{"line":243,"column":33},"end":{"line":243,"column":34}},"loc":{"start":{"line":243,"column":39},"end":{"line":243,"column":57}},"line":243},"9":{"name":"(anonymous_9)","decl":{"start":{"line":287,"column":35},"end":{"line":287,"column":36}},"loc":{"start":{"line":287,"column":44},"end":{"line":287,"column":67}},"line":287}},"branchMap":{"0":{"loc":{"start":{"line":166,"column":4},"end":{"line":171,"column":5}},"type":"if","locations":[{"start":{"line":166,"column":4},"end":{"line":171,"column":5}},{"start":{"line":166,"column":4},"end":{"line":171,"column":5}}],"line":166},"1":{"loc":{"start":{"line":167,"column":6},"end":{"line":169,"column":7}},"type":"if","locations":[{"start":{"line":167,"column":6},"end":{"line":169,"column":7}},{"start":{"line":167,"column":6},"end":{"line":169,"column":7}}],"line":167},"2":{"loc":{"start":{"line":177,"column":4},"end":{"line":180,"column":5}},"type":"if","locations":[{"start":{"line":177,"column":4},"end":{"line":180,"column":5}},{"start":{"line":177,"column":4},"end":{"line":180,"column":5}}],"line":177},"3":{"loc":{"start":{"line":177,"column":8},"end":{"line":177,"column":41}},"type":"binary-expr","locations":[{"start":{"line":177,"column":8},"end":{"line":177,"column":16}},{"start":{"line":177,"column":20},"end":{"line":177,"column":41}}],"line":177},"4":{"loc":{"start":{"line":217,"column":20},"end":{"line":219,"column":55}},"type":"cond-expr","locations":[{"start":{"line":218,"column":24},"end":{"line":218,"column":53}},{"start":{"line":219,"column":24},"end":{"line":219,"column":55}}],"line":217},"5":{"loc":{"start":{"line":222,"column":20},"end":{"line":224,"column":56}},"type":"cond-expr","locations":[{"start":{"line":223,"column":24},"end":{"line":223,"column":54}},{"start":{"line":224,"column":24},"end":{"line":224,"column":56}}],"line":222},"6":{"loc":{"start":{"line":231,"column":20},"end":{"line":233,"column":55}},"type":"cond-expr","locations":[{"start":{"line":232,"column":24},"end":{"line":232,"column":53}},{"start":{"line":233,"column":24},"end":{"line":233,"column":55}}],"line":231},"7":{"loc":{"start":{"line":236,"column":20},"end":{"line":238,"column":56}},"type":"cond-expr","locations":[{"start":{"line":237,"column":24},"end":{"line":237,"column":54}},{"start":{"line":238,"column":24},"end":{"line":238,"column":56}}],"line":236},"8":{"loc":{"start":{"line":245,"column":20},"end":{"line":247,"column":55}},"type":"cond-expr","locations":[{"start":{"line":246,"column":24},"end":{"line":246,"column":53}},{"start":{"line":247,"column":24},"end":{"line":247,"column":55}}],"line":245},"9":{"loc":{"start":{"line":250,"column":20},"end":{"line":252,"column":56}},"type":"cond-expr","locations":[{"start":{"line":251,"column":24},"end":{"line":251,"column":54}},{"start":{"line":252,"column":24},"end":{"line":252,"column":56}}],"line":250},"10":{"loc":{"start":{"line":259,"column":27},"end":{"line":259,"column":71}},"type":"cond-expr","locations":[{"start":{"line":259,"column":37},"end":{"line":259,"column":49}},{"start":{"line":259,"column":52},"end":{"line":259,"column":71}}],"line":259},"11":{"loc":{"start":{"line":265,"column":20},"end":{"line":270,"column":25}},"type":"cond-expr","locations":[{"start":{"line":266,"column":24},"end":{"line":266,"column":47}},{"start":{"line":267,"column":24},"end":{"line":270,"column":25}}],"line":265},"12":{"loc":{"start":{"line":273,"column":36},"end":{"line":273,"column":58}},"type":"cond-expr","locations":[{"start":{"line":273,"column":46},"end":{"line":273,"column":51}},{"start":{"line":273,"column":54},"end":{"line":273,"column":58}}],"line":273},"13":{"loc":{"start":{"line":295,"column":14},"end":{"line":297,"column":59}},"type":"cond-expr","locations":[{"start":{"line":296,"column":18},"end":{"line":296,"column":40}},{"start":{"line":297,"column":18},"end":{"line":297,"column":59}}],"line":295}},"s":{"0":0,"1":0,"2":0,"3":0,"4":0,"5":0,"6":0,"7":0,"8":0,"9":0,"10":0,"11":0,"12":0,"13":0,"14":0,"15":0,"16":0,"17":0,"18":0,"19":0,"20":0,"21":0,"22":0,"23":0,"24":0,"25":0,"26":0,"27":0,"28":0,"29":0,"30":0},"f":{"0":0,"1":0,"2":0,"3":0,"4":0,"5":0,"6":0,"7":0,"8":0,"9":0},"b":{"0":[0,0],"1":[0,0],"2":[0,0],"3":[0,0],"4":[0,0],"5":[0,0],"6":[0,0],"7":[0,0],"8":[0,0],"9":[0,0],"10":[0,0],"11":[0,0],"12":[0,0],"13":[0,0]},"hash":"6dfd31bff9d288cf04f6b02e32440a497e3d4beb"}
,"/Users/lighttimfire/Desktop/solar-budget/src/components/BlueButton.js": {"path":"/Users/lighttimfire/Desktop/solar-budget/src/components/BlueButton.js","statementMap":{"0":{"start":{"line":15,"column":2},"end":{"line":20,"column":4}},"1":{"start":{"line":23,"column":0},"end":{"line":28,"column":2}}},"fnMap":{"0":{"name":"BlueButton","decl":{"start":{"line":7,"column":24},"end":{"line":7,"column":34}},"loc":{"start":{"line":14,"column":3},"end":{"line":21,"column":1}},"line":14}},"branchMap":{"0":{"loc":{"start":{"line":17,"column":31},"end":{"line":17,"column":48}},"type":"binary-expr","locations":[{"start":{"line":17,"column":31},"end":{"line":17,"column":35}},{"start":{"line":17,"column":39},"end":{"line":17,"column":48}}],"line":17},"1":{"loc":{"start":{"line":26,"column":15},"end":{"line":26,"column":50}},"type":"binary-expr","locations":[{"start":{"line":26,"column":15},"end":{"line":26,"column":31}},{"start":{"line":26,"column":35},"end":{"line":26,"column":50}}],"line":26}},"s":{"0":0,"1":0},"f":{"0":0},"b":{"0":[0,0],"1":[0,0]},"hash":"e0419499050fd46ecc84b577bb61638fa095fddb"}
,"/Users/lighttimfire/Desktop/solar-budget/src/components/CloseModalButton.js": {"path":"/Users/lighttimfire/Desktop/solar-budget/src/components/CloseModalButton.js","statementMap":{"0":{"start":{"line":7,"column":2},"end":{"line":11,"column":4}}},"fnMap":{"0":{"name":"CloseModalButton","decl":{"start":{"line":6,"column":24},"end":{"line":6,"column":40}},"loc":{"start":{"line":6,"column":73},"end":{"line":12,"column":1}},"line":6}},"branchMap":{},"s":{"0":0},"f":{"0":0},"b":{},"hash":"65fa2f86c50ae7ccb15512e2c681de37ede41a70"}
,"/Users/lighttimfire/Desktop/solar-budget/src/components/CreateBillButton.js": {"path":"/Users/lighttimfire/Desktop/solar-budget/src/components/CreateBillButton.js","statementMap":{"0":{"start":{"line":7,"column":15},"end":{"line":22,"column":2}},"1":{"start":{"line":25,"column":2},"end":{"line":32,"column":4}}},"fnMap":{"0":{"name":"CreateBillButton","decl":{"start":{"line":24,"column":24},"end":{"line":24,"column":40}},"loc":{"start":{"line":24,"column":64},"end":{"line":33,"column":1}},"line":24}},"branchMap":{},"s":{"0":0,"1":0},"f":{"0":0},"b":{},"hash":"8fd26ea8f102c1d510135bc32d3d2d97e716fb1c"}
,"/Users/lighttimfire/Desktop/solar-budget/src/components/CreateTargetModal.js": {"path":"/Users/lighttimfire/Desktop/solar-budget/src/components/CreateTargetModal.js","statementMap":{"0":{"start":{"line":30,"column":15},"end":{"line":173,"column":2}},"1":{"start":{"line":179,"column":19},"end":{"line":179,"column":32}},"2":{"start":{"line":180,"column":15},"end":{"line":180,"column":73}},"3":{"start":{"line":180,"column":36},"end":{"line":180,"column":72}},"4":{"start":{"line":180,"column":60},"end":{"line":180,"column":71}},"5":{"start":{"line":181,"column":33},"end":{"line":181,"column":47}},"6":{"start":{"line":182,"column":41},"end":{"line":182,"column":55}},"7":{"start":{"line":183,"column":45},"end":{"line":183,"column":59}},"8":{"start":{"line":184,"column":34},"end":{"line":184,"column":49}},"9":{"start":{"line":185,"column":32},"end":{"line":185,"column":44}},"10":{"start":{"line":186,"column":42},"end":{"line":186,"column":54}},"11":{"start":{"line":188,"column":23},"end":{"line":198,"column":3}},"12":{"start":{"line":188,"column":32},"end":{"line":198,"column":3}},"13":{"start":{"line":189,"column":33},"end":{"line":189,"column":54}},"14":{"start":{"line":190,"column":4},"end":{"line":190,"column":28}},"15":{"start":{"line":191,"column":4},"end":{"line":196,"column":5}},"16":{"start":{"line":192,"column":6},"end":{"line":194,"column":7}},"17":{"start":{"line":193,"column":8},"end":{"line":193,"column":33}},"18":{"start":{"line":195,"column":6},"end":{"line":195,"column":56}},"19":{"start":{"line":197,"column":4},"end":{"line":197,"column":41}},"20":{"start":{"line":201,"column":4},"end":{"line":201,"column":26}},"21":{"start":{"line":202,"column":4},"end":{"line":202,"column":25}},"22":{"start":{"line":205,"column":23},"end":{"line":232,"column":3}},"23":{"start":{"line":206,"column":4},"end":{"line":208,"column":5}},"24":{"start":{"line":207,"column":6},"end":{"line":207,"column":31}},"25":{"start":{"line":209,"column":4},"end":{"line":211,"column":5}},"26":{"start":{"line":210,"column":6},"end":{"line":210,"column":29}},"27":{"start":{"line":212,"column":4},"end":{"line":215,"column":5}},"28":{"start":{"line":213,"column":6},"end":{"line":213,"column":29}},"29":{"start":{"line":214,"column":6},"end":{"line":214,"column":32}},"30":{"start":{"line":216,"column":15},"end":{"line":216,"column":25}},"31":{"start":{"line":217,"column":4},"end":{"line":227,"column":6}},"32":{"start":{"line":228,"column":4},"end":{"line":228,"column":55}},"33":{"start":{"line":229,"column":4},"end":{"line":229,"column":23}},"34":{"start":{"line":230,"column":4},"end":{"line":230,"column":22}},"35":{"start":{"line":231,"column":4},"end":{"line":231,"column":30}},"36":{"start":{"line":234,"column":2},"end":{"line":354,"column":4}},"37":{"start":{"line":259,"column":39},"end":{"line":259,"column":56}},"38":{"start":{"line":266,"column":39},"end":{"line":266,"column":57}},"39":{"start":{"line":280,"column":39},"end":{"line":280,"column":57}},"40":{"start":{"line":294,"column":39},"end":{"line":294,"column":57}},"41":{"start":{"line":335,"column":44},"end":{"line":335,"column":63}}},"fnMap":{"0":{"name":"CreateTargetModal","decl":{"start":{"line":175,"column":24},"end":{"line":175,"column":41}},"loc":{"start":{"line":178,"column":3},"end":{"line":355,"column":1}},"line":178},"1":{"name":"(anonymous_1)","decl":{"start":{"line":180,"column":27},"end":{"line":180,"column":28}},"loc":{"start":{"line":180,"column":36},"end":{"line":180,"column":72}},"line":180},"2":{"name":"(anonymous_2)","decl":{"start":{"line":180,"column":52},"end":{"line":180,"column":53}},"loc":{"start":{"line":180,"column":60},"end":{"line":180,"column":71}},"line":180},"3":{"name":"(anonymous_3)","decl":{"start":{"line":188,"column":23},"end":{"line":188,"column":24}},"loc":{"start":{"line":188,"column":32},"end":{"line":198,"column":3}},"line":188},"4":{"name":"(anonymous_4)","decl":{"start":{"line":188,"column":32},"end":{"line":188,"column":33}},"loc":{"start":{"line":188,"column":38},"end":{"line":198,"column":3}},"line":188},"5":{"name":"onTypeName","decl":{"start":{"line":200,"column":11},"end":{"line":200,"column":21}},"loc":{"start":{"line":200,"column":29},"end":{"line":203,"column":3}},"line":200},"6":{"name":"(anonymous_6)","decl":{"start":{"line":205,"column":23},"end":{"line":205,"column":24}},"loc":{"start":{"line":205,"column":29},"end":{"line":232,"column":3}},"line":205},"7":{"name":"(anonymous_7)","decl":{"start":{"line":259,"column":30},"end":{"line":259,"column":31}},"loc":{"start":{"line":259,"column":39},"end":{"line":259,"column":56}},"line":259},"8":{"name":"(anonymous_8)","decl":{"start":{"line":266,"column":33},"end":{"line":266,"column":34}},"loc":{"start":{"line":266,"column":39},"end":{"line":266,"column":57}},"line":266},"9":{"name":"(anonymous_9)","decl":{"start":{"line":280,"column":33},"end":{"line":280,"column":34}},"loc":{"start":{"line":280,"column":39},"end":{"line":280,"column":57}},"line":280},"10":{"name":"(anonymous_10)","decl":{"start":{"line":294,"column":33},"end":{"line":294,"column":34}},"loc":{"start":{"line":294,"column":39},"end":{"line":294,"column":57}},"line":294},"11":{"name":"(anonymous_11)","decl":{"start":{"line":335,"column":35},"end":{"line":335,"column":36}},"loc":{"start":{"line":335,"column":44},"end":{"line":335,"column":63}},"line":335}},"branchMap":{"0":{"loc":{"start":{"line":191,"column":4},"end":{"line":196,"column":5}},"type":"if","locations":[{"start":{"line":191,"column":4},"end":{"line":196,"column":5}},{"start":{"line":191,"column":4},"end":{"line":196,"column":5}}],"line":191},"1":{"loc":{"start":{"line":192,"column":6},"end":{"line":194,"column":7}},"type":"if","locations":[{"start":{"line":192,"column":6},"end":{"line":194,"column":7}},{"start":{"line":192,"column":6},"end":{"line":194,"column":7}}],"line":192},"2":{"loc":{"start":{"line":206,"column":4},"end":{"line":208,"column":5}},"type":"if","locations":[{"start":{"line":206,"column":4},"end":{"line":208,"column":5}},{"start":{"line":206,"column":4},"end":{"line":208,"column":5}}],"line":206},"3":{"loc":{"start":{"line":209,"column":4},"end":{"line":211,"column":5}},"type":"if","locations":[{"start":{"line":209,"column":4},"end":{"line":211,"column":5}},{"start":{"line":209,"column":4},"end":{"line":211,"column":5}}],"line":209},"4":{"loc":{"start":{"line":212,"column":4},"end":{"line":215,"column":5}},"type":"if","locations":[{"start":{"line":212,"column":4},"end":{"line":215,"column":5}},{"start":{"line":212,"column":4},"end":{"line":215,"column":5}}],"line":212},"5":{"loc":{"start":{"line":212,"column":8},"end":{"line":212,"column":45}},"type":"binary-expr","locations":[{"start":{"line":212,"column":8},"end":{"line":212,"column":29}},{"start":{"line":212,"column":33},"end":{"line":212,"column":45}}],"line":212},"6":{"loc":{"start":{"line":252,"column":18},"end":{"line":254,"column":79}},"type":"cond-expr","locations":[{"start":{"line":253,"column":22},"end":{"line":253,"column":41}},{"start":{"line":254,"column":22},"end":{"line":254,"column":79}}],"line":252},"7":{"loc":{"start":{"line":258,"column":28},"end":{"line":258,"column":76}},"type":"cond-expr","locations":[{"start":{"line":258,"column":42},"end":{"line":258,"column":54}},{"start":{"line":258,"column":57},"end":{"line":258,"column":76}}],"line":258},"8":{"loc":{"start":{"line":268,"column":20},"end":{"line":270,"column":55}},"type":"cond-expr","locations":[{"start":{"line":269,"column":24},"end":{"line":269,"column":53}},{"start":{"line":270,"column":24},"end":{"line":270,"column":55}}],"line":268},"9":{"loc":{"start":{"line":273,"column":20},"end":{"line":275,"column":56}},"type":"cond-expr","locations":[{"start":{"line":274,"column":24},"end":{"line":274,"column":54}},{"start":{"line":275,"column":24},"end":{"line":275,"column":56}}],"line":273},"10":{"loc":{"start":{"line":282,"column":20},"end":{"line":284,"column":55}},"type":"cond-expr","locations":[{"start":{"line":283,"column":24},"end":{"line":283,"column":53}},{"start":{"line":284,"column":24},"end":{"line":284,"column":55}}],"line":282},"11":{"loc":{"start":{"line":287,"column":20},"end":{"line":289,"column":56}},"type":"cond-expr","locations":[{"start":{"line":288,"column":24},"end":{"line":288,"column":54}},{"start":{"line":289,"column":24},"end":{"line":289,"column":56}}],"line":287},"12":{"loc":{"start":{"line":296,"column":20},"end":{"line":298,"column":55}},"type":"cond-expr","locations":[{"start":{"line":297,"column":24},"end":{"line":297,"column":53}},{"start":{"line":298,"column":24},"end":{"line":298,"column":55}}],"line":296},"13":{"loc":{"start":{"line":301,"column":20},"end":{"line":303,"column":56}},"type":"cond-expr","locations":[{"start":{"line":302,"column":24},"end":{"line":302,"column":54}},{"start":{"line":303,"column":24},"end":{"line":303,"column":56}}],"line":301},"14":{"loc":{"start":{"line":310,"column":27},"end":{"line":310,"column":77}},"type":"cond-expr","locations":[{"start":{"line":310,"column":43},"end":{"line":310,"column":55}},{"start":{"line":310,"column":58},"end":{"line":310,"column":77}}],"line":310},"15":{"loc":{"start":{"line":316,"column":20},"end":{"line":318,"column":72}},"type":"cond-expr","locations":[{"start":{"line":317,"column":24},"end":{"line":317,"column":47}},{"start":{"line":318,"column":24},"end":{"line":318,"column":72}}],"line":316},"16":{"loc":{"start":{"line":321,"column":36},"end":{"line":321,"column":64}},"type":"cond-expr","locations":[{"start":{"line":321,"column":52},"end":{"line":321,"column":57}},{"start":{"line":321,"column":60},"end":{"line":321,"column":64}}],"line":321},"17":{"loc":{"start":{"line":343,"column":14},"end":{"line":345,"column":59}},"type":"cond-expr","locations":[{"start":{"line":344,"column":18},"end":{"line":344,"column":40}},{"start":{"line":345,"column":18},"end":{"line":345,"column":59}}],"line":343}},"s":{"0":0,"1":0,"2":0,"3":0,"4":0,"5":0,"6":0,"7":0,"8":0,"9":0,"10":0,"11":0,"12":0,"13":0,"14":0,"15":0,"16":0,"17":0,"18":0,"19":0,"20":0,"21":0,"22":0,"23":0,"24":0,"25":0,"26":0,"27":0,"28":0,"29":0,"30":0,"31":0,"32":0,"33":0,"34":0,"35":0,"36":0,"37":0,"38":0,"39":0,"40":0,"41":0},"f":{"0":0,"1":0,"2":0,"3":0,"4":0,"5":0,"6":0,"7":0,"8":0,"9":0,"10":0,"11":0},"b":{"0":[0,0],"1":[0,0],"2":[0,0],"3":[0,0],"4":[0,0],"5":[0,0],"6":[0,0],"7":[0,0],"8":[0,0],"9":[0,0],"10":[0,0],"11":[0,0],"12":[0,0],"13":[0,0],"14":[0,0],"15":[0,0],"16":[0,0],"17":[0,0]},"hash":"2b1822cddb49663178817a67bb96c1e2b67fafc8"}
,"/Users/lighttimfire/Desktop/solar-budget/src/components/CreationHeader.js": {"path":"/Users/lighttimfire/Desktop/solar-budget/src/components/CreationHeader.js","statementMap":{"0":{"start":{"line":6,"column":15},"end":{"line":22,"column":2}},"1":{"start":{"line":25,"column":2},"end":{"line":30,"column":4}}},"fnMap":{"0":{"name":"CreationHeader","decl":{"start":{"line":24,"column":24},"end":{"line":24,"column":38}},"loc":{"start":{"line":24,"column":51},"end":{"line":31,"column":1}},"line":24}},"branchMap":{},"s":{"0":0,"1":0},"f":{"0":0},"b":{},"hash":"4c87d31d3d47d25596ad64214ec689cca361f9a4"}
,"/Users/lighttimfire/Desktop/solar-budget/src/components/Header.js": {"path":"/Users/lighttimfire/Desktop/solar-budget/src/components/Header.js","statementMap":{"0":{"start":{"line":14,"column":15},"end":{"line":108,"column":2}},"1":{"start":{"line":121,"column":20},"end":{"line":121,"column":66}},"2":{"start":{"line":121,"column":26},"end":{"line":121,"column":66}},"3":{"start":{"line":122,"column":2},"end":{"line":193,"column":4}},"4":{"start":{"line":164,"column":36},"end":{"line":164,"column":43}},"5":{"start":{"line":166,"column":16},"end":{"line":181,"column":18}},"6":{"start":{"line":180,"column":39},"end":{"line":180,"column":61}},"7":{"start":{"line":196,"column":0},"end":{"line":199,"column":2}}},"fnMap":{"0":{"name":"Header","decl":{"start":{"line":110,"column":24},"end":{"line":110,"column":30}},"loc":{"start":{"line":120,"column":3},"end":{"line":194,"column":1}},"line":120},"1":{"name":"(anonymous_1)","decl":{"start":{"line":121,"column":20},"end":{"line":121,"column":21}},"loc":{"start":{"line":121,"column":26},"end":{"line":121,"column":66}},"line":121},"2":{"name":"(anonymous_2)","decl":{"start":{"line":164,"column":28},"end":{"line":164,"column":29}},"loc":{"start":{"line":164,"column":36},"end":{"line":164,"column":43}},"line":164},"3":{"name":"(anonymous_3)","decl":{"start":{"line":165,"column":26},"end":{"line":165,"column":27}},"loc":{"start":{"line":166,"column":16},"end":{"line":181,"column":18}},"line":166},"4":{"name":"(anonymous_4)","decl":{"start":{"line":180,"column":33},"end":{"line":180,"column":34}},"loc":{"start":{"line":180,"column":39},"end":{"line":180,"column":61}},"line":180}},"branchMap":{"0":{"loc":{"start":{"line":126,"column":11},"end":{"line":136,"column":11}},"type":"cond-expr","locations":[{"start":{"line":127,"column":12},"end":{"line":133,"column":19}},{"start":{"line":135,"column":12},"end":{"line":135,"column":26}}],"line":126},"1":{"loc":{"start":{"line":139,"column":9},"end":{"line":154,"column":9}},"type":"binary-expr","locations":[{"start":{"line":139,"column":9},"end":{"line":139,"column":18}},{"start":{"line":140,"column":10},"end":{"line":153,"column":17}}],"line":139},"2":{"loc":{"start":{"line":141,"column":13},"end":{"line":145,"column":13}},"type":"binary-expr","locations":[{"start":{"line":141,"column":13},"end":{"line":141,"column":21}},{"start":{"line":142,"column":14},"end":{"line":144,"column":21}}],"line":141},"3":{"loc":{"start":{"line":156,"column":7},"end":{"line":191,"column":7}},"type":"binary-expr","locations":[{"start":{"line":156,"column":7},"end":{"line":156,"column":16}},{"start":{"line":157,"column":8},"end":{"line":190,"column":15}}],"line":156},"4":{"loc":{"start":{"line":171,"column":20},"end":{"line":173,"column":79}},"type":"cond-expr","locations":[{"start":{"line":172,"column":24},"end":{"line":172,"column":69}},{"start":{"line":173,"column":24},"end":{"line":173,"column":79}}],"line":171},"5":{"loc":{"start":{"line":176,"column":20},"end":{"line":178,"column":56}},"type":"cond-expr","locations":[{"start":{"line":177,"column":24},"end":{"line":177,"column":46}},{"start":{"line":178,"column":24},"end":{"line":178,"column":56}}],"line":176},"6":{"loc":{"start":{"line":185,"column":11},"end":{"line":189,"column":11}},"type":"binary-expr","locations":[{"start":{"line":185,"column":11},"end":{"line":185,"column":22}},{"start":{"line":186,"column":12},"end":{"line":188,"column":29}}],"line":185}},"s":{"0":0,"1":0,"2":0,"3":0,"4":0,"5":0,"6":0,"7":0},"f":{"0":0,"1":0,"2":0,"3":0,"4":0},"b":{"0":[0,0],"1":[0,0],"2":[0,0],"3":[0,0],"4":[0,0],"5":[0,0],"6":[0,0]},"hash":"2740559fac94d24a482ca8a2ec2521a2c0e8a576"}
,"/Users/lighttimfire/Desktop/solar-budget/src/components/InfoPost.js": {"path":"/Users/lighttimfire/Desktop/solar-budget/src/components/InfoPost.js","statementMap":{"0":{"start":{"line":5,"column":15},"end":{"line":20,"column":2}},"1":{"start":{"line":30,"column":2},"end":{"line":41,"column":4}}},"fnMap":{"0":{"name":"InfoPost","decl":{"start":{"line":22,"column":24},"end":{"line":22,"column":32}},"loc":{"start":{"line":29,"column":3},"end":{"line":42,"column":1}},"line":29}},"branchMap":{"0":{"loc":{"start":{"line":34,"column":7},"end":{"line":34,"column":54}},"type":"binary-expr","locations":[{"start":{"line":34,"column":7},"end":{"line":34,"column":11}},{"start":{"line":34,"column":15},"end":{"line":34,"column":54}}],"line":34},"1":{"loc":{"start":{"line":35,"column":7},"end":{"line":39,"column":7}},"type":"binary-expr","locations":[{"start":{"line":35,"column":7},"end":{"line":35,"column":19}},{"start":{"line":36,"column":8},"end":{"line":38,"column":15}}],"line":35}},"s":{"0":0,"1":0},"f":{"0":0},"b":{"0":[0,0],"1":[0,0]},"hash":"c6f2ad2dfcf46b2a30ad31f3b7fb19776be1e2c2"}
,"/Users/lighttimfire/Desktop/solar-budget/src/components/Input.js": {"path":"/Users/lighttimfire/Desktop/solar-budget/src/components/Input.js","statementMap":{"0":{"start":{"line":7,"column":15},"end":{"line":10,"column":2}},"1":{"start":{"line":24,"column":45},"end":{"line":24,"column":59}},"2":{"start":{"line":26,"column":30},"end":{"line":28,"column":3}},"3":{"start":{"line":27,"column":4},"end":{"line":27,"column":38}},"4":{"start":{"line":30,"column":2},"end":{"line":67,"column":4}}},"fnMap":{"0":{"name":"CustomInput","decl":{"start":{"line":12,"column":24},"end":{"line":12,"column":35}},"loc":{"start":{"line":23,"column":3},"end":{"line":68,"column":1}},"line":23},"1":{"name":"(anonymous_1)","decl":{"start":{"line":26,"column":30},"end":{"line":26,"column":31}},"loc":{"start":{"line":26,"column":36},"end":{"line":28,"column":3}},"line":26}},"branchMap":{"0":{"loc":{"start":{"line":32,"column":7},"end":{"line":32,"column":55}},"type":"binary-expr","locations":[{"start":{"line":32,"column":7},"end":{"line":32,"column":12}},{"start":{"line":32,"column":16},"end":{"line":32,"column":55}}],"line":32},"1":{"loc":{"start":{"line":33,"column":7},"end":{"line":65,"column":7}},"type":"cond-expr","locations":[{"start":{"line":34,"column":8},"end":{"line":54,"column":15}},{"start":{"line":56,"column":8},"end":{"line":64,"column":10}}],"line":33},"2":{"loc":{"start":{"line":42,"column":11},"end":{"line":47,"column":11}},"type":"binary-expr","locations":[{"start":{"line":42,"column":11},"end":{"line":42,"column":27}},{"start":{"line":43,"column":12},"end":{"line":46,"column":14}}],"line":42},"3":{"loc":{"start":{"line":48,"column":11},"end":{"line":53,"column":11}},"type":"binary-expr","locations":[{"start":{"line":48,"column":11},"end":{"line":48,"column":28}},{"start":{"line":49,"column":12},"end":{"line":52,"column":14}}],"line":48}},"s":{"0":0,"1":0,"2":0,"3":0,"4":0},"f":{"0":0,"1":0},"b":{"0":[0,0],"1":[0,0],"2":[0,0],"3":[0,0]},"hash":"9229e2c9fc29c1cf5523da423709f64e590a15ec"}
,"/Users/lighttimfire/Desktop/solar-budget/src/components/MajorBlueButton.js": {"path":"/Users/lighttimfire/Desktop/solar-budget/src/components/MajorBlueButton.js","statementMap":{"0":{"start":{"line":6,"column":15},"end":{"line":18,"column":2}},"1":{"start":{"line":21,"column":2},"end":{"line":30,"column":4}}},"fnMap":{"0":{"name":"MajorBlueButton","decl":{"start":{"line":20,"column":24},"end":{"line":20,"column":39}},"loc":{"start":{"line":20,"column":71},"end":{"line":31,"column":1}},"line":20}},"branchMap":{},"s":{"0":0,"1":0},"f":{"0":0},"b":{},"hash":"d3cc6ad03cedb0d20d3e95f94fa1942801539e00"}
,"/Users/lighttimfire/Desktop/solar-budget/src/components/ModalHeader.js": {"path":"/Users/lighttimfire/Desktop/solar-budget/src/components/ModalHeader.js","statementMap":{"0":{"start":{"line":13,"column":2},"end":{"line":21,"column":4}}},"fnMap":{"0":{"name":"ModalHeader","decl":{"start":{"line":6,"column":24},"end":{"line":6,"column":35}},"loc":{"start":{"line":12,"column":3},"end":{"line":22,"column":1}},"line":12}},"branchMap":{},"s":{"0":0},"f":{"0":0},"b":{},"hash":"c59868e3e974c913e166902638619b0bfa381139"}
,"/Users/lighttimfire/Desktop/solar-budget/src/components/ModalRatePair.js": {"path":"/Users/lighttimfire/Desktop/solar-budget/src/components/ModalRatePair.js","statementMap":{"0":{"start":{"line":12,"column":15},"end":{"line":31,"column":2}},"1":{"start":{"line":38,"column":19},"end":{"line":38,"column":32}},"2":{"start":{"line":39,"column":15},"end":{"line":39,"column":73}},"3":{"start":{"line":39,"column":36},"end":{"line":39,"column":72}},"4":{"start":{"line":39,"column":60},"end":{"line":39,"column":71}},"5":{"start":{"line":40,"column":20},"end":{"line":40,"column":52}},"6":{"start":{"line":40,"column":41},"end":{"line":40,"column":51}},"7":{"start":{"line":43,"column":4},"end":{"line":49,"column":5}},"8":{"start":{"line":44,"column":6},"end":{"line":48,"column":7}},"9":{"start":{"line":45,"column":31},"end":{"line":45,"column":77}},"10":{"start":{"line":47,"column":8},"end":{"line":47,"column":70}},"11":{"start":{"line":50,"column":4},"end":{"line":59,"column":6}},"12":{"start":{"line":63,"column":4},"end":{"line":69,"column":6}},"13":{"start":{"line":64,"column":14},"end":{"line":64,"column":60}},"14":{"start":{"line":72,"column":2},"end":{"line":85,"column":4}}},"fnMap":{"0":{"name":"ModalRatePair","decl":{"start":{"line":32,"column":24},"end":{"line":32,"column":37}},"loc":{"start":{"line":37,"column":3},"end":{"line":86,"column":1}},"line":37},"1":{"name":"(anonymous_1)","decl":{"start":{"line":39,"column":27},"end":{"line":39,"column":28}},"loc":{"start":{"line":39,"column":36},"end":{"line":39,"column":72}},"line":39},"2":{"name":"(anonymous_2)","decl":{"start":{"line":39,"column":52},"end":{"line":39,"column":53}},"loc":{"start":{"line":39,"column":60},"end":{"line":39,"column":71}},"line":39},"3":{"name":"(anonymous_3)","decl":{"start":{"line":40,"column":32},"end":{"line":40,"column":33}},"loc":{"start":{"line":40,"column":41},"end":{"line":40,"column":51}},"line":40},"4":{"name":"onSelectRatePair","decl":{"start":{"line":42,"column":11},"end":{"line":42,"column":27}},"loc":{"start":{"line":42,"column":30},"end":{"line":60,"column":3}},"line":42},"5":{"name":"(anonymous_5)","decl":{"start":{"line":45,"column":23},"end":{"line":45,"column":24}},"loc":{"start":{"line":45,"column":31},"end":{"line":45,"column":77}},"line":45},"6":{"name":"renderSelectButton","decl":{"start":{"line":62,"column":11},"end":{"line":62,"column":29}},"loc":{"start":{"line":62,"column":32},"end":{"line":70,"column":3}},"line":62},"7":{"name":"(anonymous_7)","decl":{"start":{"line":64,"column":6},"end":{"line":64,"column":7}},"loc":{"start":{"line":64,"column":14},"end":{"line":64,"column":60}},"line":64}},"branchMap":{"0":{"loc":{"start":{"line":43,"column":4},"end":{"line":49,"column":5}},"type":"if","locations":[{"start":{"line":43,"column":4},"end":{"line":49,"column":5}},{"start":{"line":43,"column":4},"end":{"line":49,"column":5}}],"line":43},"1":{"loc":{"start":{"line":44,"column":6},"end":{"line":48,"column":7}},"type":"if","locations":[{"start":{"line":44,"column":6},"end":{"line":48,"column":7}},{"start":{"line":44,"column":6},"end":{"line":48,"column":7}}],"line":44},"2":{"loc":{"start":{"line":45,"column":31},"end":{"line":45,"column":77}},"type":"binary-expr","locations":[{"start":{"line":45,"column":31},"end":{"line":45,"column":50}},{"start":{"line":45,"column":54},"end":{"line":45,"column":77}}],"line":45},"3":{"loc":{"start":{"line":63,"column":11},"end":{"line":69,"column":5}},"type":"cond-expr","locations":[{"start":{"line":66,"column":6},"end":{"line":66,"column":26}},{"start":{"line":68,"column":6},"end":{"line":68,"column":28}}],"line":63},"4":{"loc":{"start":{"line":64,"column":14},"end":{"line":64,"column":60}},"type":"binary-expr","locations":[{"start":{"line":64,"column":14},"end":{"line":64,"column":33}},{"start":{"line":64,"column":37},"end":{"line":64,"column":60}}],"line":64}},"s":{"0":0,"1":0,"2":0,"3":0,"4":0,"5":0,"6":0,"7":0,"8":0,"9":0,"10":0,"11":0,"12":0,"13":0,"14":0},"f":{"0":0,"1":0,"2":0,"3":0,"4":0,"5":0,"6":0,"7":0},"b":{"0":[0,0],"1":[0,0],"2":[0,0],"3":[0,0],"4":[0,0]},"hash":"edf16743cf033e1c169dc579c3c85b5bd108cfb2"}
,"/Users/lighttimfire/Desktop/solar-budget/src/components/ModalUpdateLogin.js": {"path":"/Users/lighttimfire/Desktop/solar-budget/src/components/ModalUpdateLogin.js","statementMap":{"0":{"start":{"line":16,"column":15},"end":{"line":84,"column":2}},"1":{"start":{"line":90,"column":19},"end":{"line":90,"column":32}},"2":{"start":{"line":91,"column":15},"end":{"line":91,"column":73}},"3":{"start":{"line":91,"column":36},"end":{"line":91,"column":72}},"4":{"start":{"line":91,"column":60},"end":{"line":91,"column":71}},"5":{"start":{"line":92,"column":33},"end":{"line":92,"column":47}},"6":{"start":{"line":93,"column":41},"end":{"line":93,"column":55}},"7":{"start":{"line":94,"column":28},"end":{"line":94,"column":40}},"8":{"start":{"line":97,"column":4},"end":{"line":97,"column":26}},"9":{"start":{"line":98,"column":4},"end":{"line":98,"column":20}},"10":{"start":{"line":101,"column":22},"end":{"line":116,"column":3}},"11":{"start":{"line":102,"column":4},"end":{"line":104,"column":5}},"12":{"start":{"line":103,"column":6},"end":{"line":103,"column":29}},"13":{"start":{"line":105,"column":4},"end":{"line":108,"column":5}},"14":{"start":{"line":106,"column":6},"end":{"line":106,"column":29}},"15":{"start":{"line":107,"column":6},"end":{"line":107,"column":32}},"16":{"start":{"line":110,"column":4},"end":{"line":112,"column":6}},"17":{"start":{"line":114,"column":4},"end":{"line":114,"column":17}},"18":{"start":{"line":115,"column":4},"end":{"line":115,"column":29}},"19":{"start":{"line":118,"column":2},"end":{"line":155,"column":4}},"20":{"start":{"line":139,"column":37},"end":{"line":139,"column":55}}},"fnMap":{"0":{"name":"UpdateLoginModal","decl":{"start":{"line":86,"column":24},"end":{"line":86,"column":40}},"loc":{"start":{"line":89,"column":3},"end":{"line":156,"column":1}},"line":89},"1":{"name":"(anonymous_1)","decl":{"start":{"line":91,"column":27},"end":{"line":91,"column":28}},"loc":{"start":{"line":91,"column":36},"end":{"line":91,"column":72}},"line":91},"2":{"name":"(anonymous_2)","decl":{"start":{"line":91,"column":52},"end":{"line":91,"column":53}},"loc":{"start":{"line":91,"column":60},"end":{"line":91,"column":71}},"line":91},"3":{"name":"onTypeLogin","decl":{"start":{"line":96,"column":11},"end":{"line":96,"column":22}},"loc":{"start":{"line":96,"column":30},"end":{"line":99,"column":3}},"line":96},"4":{"name":"(anonymous_4)","decl":{"start":{"line":101,"column":22},"end":{"line":101,"column":23}},"loc":{"start":{"line":101,"column":28},"end":{"line":116,"column":3}},"line":101},"5":{"name":"(anonymous_5)","decl":{"start":{"line":139,"column":28},"end":{"line":139,"column":29}},"loc":{"start":{"line":139,"column":37},"end":{"line":139,"column":55}},"line":139}},"branchMap":{"0":{"loc":{"start":{"line":102,"column":4},"end":{"line":104,"column":5}},"type":"if","locations":[{"start":{"line":102,"column":4},"end":{"line":104,"column":5}},{"start":{"line":102,"column":4},"end":{"line":104,"column":5}}],"line":102},"1":{"loc":{"start":{"line":105,"column":4},"end":{"line":108,"column":5}},"type":"if","locations":[{"start":{"line":105,"column":4},"end":{"line":108,"column":5}},{"start":{"line":105,"column":4},"end":{"line":108,"column":5}}],"line":105},"2":{"loc":{"start":{"line":132,"column":16},"end":{"line":134,"column":77}},"type":"cond-expr","locations":[{"start":{"line":133,"column":20},"end":{"line":133,"column":39}},{"start":{"line":134,"column":20},"end":{"line":134,"column":77}}],"line":132},"3":{"loc":{"start":{"line":138,"column":26},"end":{"line":138,"column":74}},"type":"cond-expr","locations":[{"start":{"line":138,"column":40},"end":{"line":138,"column":52}},{"start":{"line":138,"column":55},"end":{"line":138,"column":74}}],"line":138},"4":{"loc":{"start":{"line":144,"column":14},"end":{"line":146,"column":59}},"type":"cond-expr","locations":[{"start":{"line":145,"column":18},"end":{"line":145,"column":40}},{"start":{"line":146,"column":18},"end":{"line":146,"column":59}}],"line":144}},"s":{"0":0,"1":0,"2":0,"3":0,"4":0,"5":0,"6":0,"7":0,"8":0,"9":0,"10":0,"11":0,"12":0,"13":0,"14":0,"15":0,"16":0,"17":0,"18":0,"19":0,"20":0},"f":{"0":0,"1":0,"2":0,"3":0,"4":0,"5":0},"b":{"0":[0,0],"1":[0,0],"2":[0,0],"3":[0,0],"4":[0,0]},"hash":"ec949e200df21690f3c6a1c6447b5bd3d8002731"}
,"/Users/lighttimfire/Desktop/solar-budget/src/components/ModalUpdatePassword.js": {"path":"/Users/lighttimfire/Desktop/solar-budget/src/components/ModalUpdatePassword.js","statementMap":{"0":{"start":{"line":19,"column":15},"end":{"line":87,"column":2}},"1":{"start":{"line":93,"column":19},"end":{"line":93,"column":32}},"2":{"start":{"line":94,"column":15},"end":{"line":94,"column":73}},"3":{"start":{"line":94,"column":36},"end":{"line":94,"column":72}},"4":{"start":{"line":94,"column":60},"end":{"line":94,"column":71}},"5":{"start":{"line":95,"column":33},"end":{"line":95,"column":47}},"6":{"start":{"line":96,"column":49},"end":{"line":96,"column":63}},"7":{"start":{"line":97,"column":34},"end":{"line":97,"column":46}},"8":{"start":{"line":99,"column":65},"end":{"line":99,"column":79}},"9":{"start":{"line":100,"column":50},"end":{"line":100,"column":62}},"10":{"start":{"line":103,"column":4},"end":{"line":103,"column":30}},"11":{"start":{"line":104,"column":4},"end":{"line":104,"column":23}},"12":{"start":{"line":108,"column":4},"end":{"line":108,"column":38}},"13":{"start":{"line":109,"column":4},"end":{"line":109,"column":31}},"14":{"start":{"line":112,"column":25},"end":{"line":141,"column":3}},"15":{"start":{"line":113,"column":4},"end":{"line":115,"column":5}},"16":{"start":{"line":114,"column":6},"end":{"line":114,"column":33}},"17":{"start":{"line":116,"column":4},"end":{"line":118,"column":5}},"18":{"start":{"line":117,"column":6},"end":{"line":117,"column":41}},"19":{"start":{"line":119,"column":4},"end":{"line":122,"column":5}},"20":{"start":{"line":120,"column":6},"end":{"line":120,"column":29}},"21":{"start":{"line":121,"column":6},"end":{"line":121,"column":32}},"22":{"start":{"line":124,"column":4},"end":{"line":131,"column":5}},"23":{"start":{"line":129,"column":6},"end":{"line":129,"column":29}},"24":{"start":{"line":130,"column":6},"end":{"line":130,"column":32}},"25":{"start":{"line":133,"column":4},"end":{"line":135,"column":6}},"26":{"start":{"line":137,"column":4},"end":{"line":137,"column":20}},"27":{"start":{"line":138,"column":4},"end":{"line":138,"column":28}},"28":{"start":{"line":139,"column":4},"end":{"line":139,"column":72}},"29":{"start":{"line":140,"column":4},"end":{"line":140,"column":32}},"30":{"start":{"line":143,"column":21},"end":{"line":146,"column":3}},"31":{"start":{"line":144,"column":4},"end":{"line":144,"column":72}},"32":{"start":{"line":145,"column":4},"end":{"line":145,"column":32}},"33":{"start":{"line":148,"column":2},"end":{"line":204,"column":4}},"34":{"start":{"line":171,"column":37},"end":{"line":171,"column":58}},"35":{"start":{"line":188,"column":37},"end":{"line":188,"column":66}}},"fnMap":{"0":{"name":"UpdatePasswordModal","decl":{"start":{"line":89,"column":24},"end":{"line":89,"column":43}},"loc":{"start":{"line":92,"column":3},"end":{"line":205,"column":1}},"line":92},"1":{"name":"(anonymous_1)","decl":{"start":{"line":94,"column":27},"end":{"line":94,"column":28}},"loc":{"start":{"line":94,"column":36},"end":{"line":94,"column":72}},"line":94},"2":{"name":"(anonymous_2)","decl":{"start":{"line":94,"column":52},"end":{"line":94,"column":53}},"loc":{"start":{"line":94,"column":60},"end":{"line":94,"column":71}},"line":94},"3":{"name":"onTypePassword","decl":{"start":{"line":102,"column":11},"end":{"line":102,"column":25}},"loc":{"start":{"line":102,"column":33},"end":{"line":105,"column":3}},"line":102},"4":{"name":"onTypeRepeatedPassword","decl":{"start":{"line":107,"column":11},"end":{"line":107,"column":33}},"loc":{"start":{"line":107,"column":41},"end":{"line":110,"column":3}},"line":107},"5":{"name":"(anonymous_5)","decl":{"start":{"line":112,"column":25},"end":{"line":112,"column":26}},"loc":{"start":{"line":112,"column":31},"end":{"line":141,"column":3}},"line":112},"6":{"name":"(anonymous_6)","decl":{"start":{"line":143,"column":21},"end":{"line":143,"column":22}},"loc":{"start":{"line":143,"column":27},"end":{"line":146,"column":3}},"line":143},"7":{"name":"(anonymous_7)","decl":{"start":{"line":171,"column":28},"end":{"line":171,"column":29}},"loc":{"start":{"line":171,"column":37},"end":{"line":171,"column":58}},"line":171},"8":{"name":"(anonymous_8)","decl":{"start":{"line":188,"column":28},"end":{"line":188,"column":29}},"loc":{"start":{"line":188,"column":37},"end":{"line":188,"column":66}},"line":188}},"branchMap":{"0":{"loc":{"start":{"line":113,"column":4},"end":{"line":115,"column":5}},"type":"if","locations":[{"start":{"line":113,"column":4},"end":{"line":115,"column":5}},{"start":{"line":113,"column":4},"end":{"line":115,"column":5}}],"line":113},"1":{"loc":{"start":{"line":116,"column":4},"end":{"line":118,"column":5}},"type":"if","locations":[{"start":{"line":116,"column":4},"end":{"line":118,"column":5}},{"start":{"line":116,"column":4},"end":{"line":118,"column":5}}],"line":116},"2":{"loc":{"start":{"line":119,"column":4},"end":{"line":122,"column":5}},"type":"if","locations":[{"start":{"line":119,"column":4},"end":{"line":122,"column":5}},{"start":{"line":119,"column":4},"end":{"line":122,"column":5}}],"line":119},"3":{"loc":{"start":{"line":119,"column":8},"end":{"line":119,"column":52}},"type":"binary-expr","locations":[{"start":{"line":119,"column":8},"end":{"line":119,"column":24}},{"start":{"line":119,"column":28},"end":{"line":119,"column":52}}],"line":119},"4":{"loc":{"start":{"line":124,"column":4},"end":{"line":131,"column":5}},"type":"if","locations":[{"start":{"line":124,"column":4},"end":{"line":131,"column":5}},{"start":{"line":124,"column":4},"end":{"line":131,"column":5}}],"line":124},"5":{"loc":{"start":{"line":125,"column":6},"end":{"line":127,"column":35}},"type":"binary-expr","locations":[{"start":{"line":125,"column":6},"end":{"line":125,"column":22}},{"start":{"line":126,"column":6},"end":{"line":126,"column":30}},{"start":{"line":127,"column":6},"end":{"line":127,"column":35}}],"line":125},"6":{"loc":{"start":{"line":162,"column":16},"end":{"line":164,"column":77}},"type":"cond-expr","locations":[{"start":{"line":163,"column":20},"end":{"line":163,"column":39}},{"start":{"line":164,"column":20},"end":{"line":164,"column":77}}],"line":162},"7":{"loc":{"start":{"line":170,"column":26},"end":{"line":170,"column":78}},"type":"cond-expr","locations":[{"start":{"line":170,"column":44},"end":{"line":170,"column":56}},{"start":{"line":170,"column":59},"end":{"line":170,"column":78}}],"line":170},"8":{"loc":{"start":{"line":177,"column":16},"end":{"line":179,"column":77}},"type":"cond-expr","locations":[{"start":{"line":178,"column":20},"end":{"line":178,"column":39}},{"start":{"line":179,"column":20},"end":{"line":179,"column":77}}],"line":177},"9":{"loc":{"start":{"line":186,"column":16},"end":{"line":186,"column":76}},"type":"cond-expr","locations":[{"start":{"line":186,"column":42},"end":{"line":186,"column":54}},{"start":{"line":186,"column":57},"end":{"line":186,"column":76}}],"line":186},"10":{"loc":{"start":{"line":193,"column":14},"end":{"line":195,"column":59}},"type":"cond-expr","locations":[{"start":{"line":194,"column":18},"end":{"line":194,"column":40}},{"start":{"line":195,"column":18},"end":{"line":195,"column":59}}],"line":193}},"s":{"0":0,"1":0,"2":0,"3":0,"4":0,"5":0,"6":0,"7":0,"8":0,"9":0,"10":0,"11":0,"12":0,"13":0,"14":0,"15":0,"16":0,"17":0,"18":0,"19":0,"20":0,"21":0,"22":0,"23":0,"24":0,"25":0,"26":0,"27":0,"28":0,"29":0,"30":0,"31":0,"32":0,"33":0,"34":0,"35":0},"f":{"0":0,"1":0,"2":0,"3":0,"4":0,"5":0,"6":0,"7":0,"8":0},"b":{"0":[0,0],"1":[0,0],"2":[0,0],"3":[0,0],"4":[0,0],"5":[0,0,0],"6":[0,0],"7":[0,0],"8":[0,0],"9":[0,0],"10":[0,0]},"hash":"0f39aef0530e641f8f53ce624348fac9b6c0fcfa"}
,"/Users/lighttimfire/Desktop/solar-budget/src/components/ModalValidatePassword.js": {"path":"/Users/lighttimfire/Desktop/solar-budget/src/components/ModalValidatePassword.js","statementMap":{"0":{"start":{"line":16,"column":15},"end":{"line":84,"column":2}},"1":{"start":{"line":90,"column":19},"end":{"line":90,"column":32}},"2":{"start":{"line":92,"column":15},"end":{"line":92,"column":73}},"3":{"start":{"line":92,"column":36},"end":{"line":92,"column":72}},"4":{"start":{"line":92,"column":60},"end":{"line":92,"column":71}},"5":{"start":{"line":93,"column":33},"end":{"line":93,"column":47}},"6":{"start":{"line":94,"column":49},"end":{"line":94,"column":63}},"7":{"start":{"line":95,"column":34},"end":{"line":95,"column":46}},"8":{"start":{"line":98,"column":4},"end":{"line":98,"column":30}},"9":{"start":{"line":99,"column":4},"end":{"line":99,"column":23}},"10":{"start":{"line":102,"column":27},"end":{"line":121,"column":3}},"11":{"start":{"line":103,"column":4},"end":{"line":106,"column":5}},"12":{"start":{"line":104,"column":6},"end":{"line":104,"column":29}},"13":{"start":{"line":105,"column":6},"end":{"line":105,"column":32}},"14":{"start":{"line":108,"column":4},"end":{"line":118,"column":5}},"15":{"start":{"line":109,"column":6},"end":{"line":114,"column":8}},"16":{"start":{"line":115,"column":6},"end":{"line":115,"column":36}},"17":{"start":{"line":117,"column":6},"end":{"line":117,"column":29}},"18":{"start":{"line":120,"column":4},"end":{"line":120,"column":20}},"19":{"start":{"line":123,"column":2},"end":{"line":162,"column":4}},"20":{"start":{"line":146,"column":37},"end":{"line":146,"column":58}}},"fnMap":{"0":{"name":"ValidatePasswordModal","decl":{"start":{"line":86,"column":24},"end":{"line":86,"column":45}},"loc":{"start":{"line":89,"column":3},"end":{"line":163,"column":1}},"line":89},"1":{"name":"(anonymous_1)","decl":{"start":{"line":92,"column":27},"end":{"line":92,"column":28}},"loc":{"start":{"line":92,"column":36},"end":{"line":92,"column":72}},"line":92},"2":{"name":"(anonymous_2)","decl":{"start":{"line":92,"column":52},"end":{"line":92,"column":53}},"loc":{"start":{"line":92,"column":60},"end":{"line":92,"column":71}},"line":92},"3":{"name":"onTypePassword","decl":{"start":{"line":97,"column":11},"end":{"line":97,"column":25}},"loc":{"start":{"line":97,"column":33},"end":{"line":100,"column":3}},"line":97},"4":{"name":"(anonymous_4)","decl":{"start":{"line":102,"column":27},"end":{"line":102,"column":28}},"loc":{"start":{"line":102,"column":33},"end":{"line":121,"column":3}},"line":102},"5":{"name":"(anonymous_5)","decl":{"start":{"line":146,"column":28},"end":{"line":146,"column":29}},"loc":{"start":{"line":146,"column":37},"end":{"line":146,"column":58}},"line":146}},"branchMap":{"0":{"loc":{"start":{"line":103,"column":4},"end":{"line":106,"column":5}},"type":"if","locations":[{"start":{"line":103,"column":4},"end":{"line":106,"column":5}},{"start":{"line":103,"column":4},"end":{"line":106,"column":5}}],"line":103},"1":{"loc":{"start":{"line":137,"column":16},"end":{"line":139,"column":77}},"type":"cond-expr","locations":[{"start":{"line":138,"column":20},"end":{"line":138,"column":39}},{"start":{"line":139,"column":20},"end":{"line":139,"column":77}}],"line":137},"2":{"loc":{"start":{"line":145,"column":26},"end":{"line":145,"column":78}},"type":"cond-expr","locations":[{"start":{"line":145,"column":44},"end":{"line":145,"column":56}},{"start":{"line":145,"column":59},"end":{"line":145,"column":78}}],"line":145},"3":{"loc":{"start":{"line":151,"column":14},"end":{"line":153,"column":59}},"type":"cond-expr","locations":[{"start":{"line":152,"column":18},"end":{"line":152,"column":40}},{"start":{"line":153,"column":18},"end":{"line":153,"column":59}}],"line":151}},"s":{"0":0,"1":0,"2":0,"3":0,"4":0,"5":0,"6":0,"7":0,"8":0,"9":0,"10":0,"11":0,"12":0,"13":0,"14":0,"15":0,"16":0,"17":0,"18":0,"19":0,"20":0},"f":{"0":0,"1":0,"2":0,"3":0,"4":0,"5":0},"b":{"0":[0,0],"1":[0,0],"2":[0,0],"3":[0,0]},"hash":"45c81cc49d057dc5d10a8c21be753cccb3d2c3fd"}
,"/Users/lighttimfire/Desktop/solar-budget/src/components/NumericBoard.js": {"path":"/Users/lighttimfire/Desktop/solar-budget/src/components/NumericBoard.js","statementMap":{"0":{"start":{"line":19,"column":2},"end":{"line":99,"column":4}}},"fnMap":{"0":{"name":"NumericBoard","decl":{"start":{"line":6,"column":24},"end":{"line":6,"column":36}},"loc":{"start":{"line":18,"column":3},"end":{"line":100,"column":1}},"line":18}},"branchMap":{"0":{"loc":{"start":{"line":75,"column":7},"end":{"line":81,"column":7}},"type":"binary-expr","locations":[{"start":{"line":75,"column":7},"end":{"line":75,"column":21}},{"start":{"line":76,"column":8},"end":{"line":80,"column":10}}],"line":75},"1":{"loc":{"start":{"line":84,"column":10},"end":{"line":84,"column":71}},"type":"cond-expr","locations":[{"start":{"line":84,"column":30},"end":{"line":84,"column":54}},{"start":{"line":84,"column":57},"end":{"line":84,"column":71}}],"line":84},"2":{"loc":{"start":{"line":90,"column":7},"end":{"line":97,"column":7}},"type":"binary-expr","locations":[{"start":{"line":90,"column":7},"end":{"line":90,"column":16}},{"start":{"line":91,"column":8},"end":{"line":96,"column":10}}],"line":90}},"s":{"0":0},"f":{"0":0},"b":{"0":[0,0],"1":[0,0],"2":[0,0]},"hash":"0c37bd357a9b4687c8ad737664edb6c0dde71688"}
,"/Users/lighttimfire/Desktop/solar-budget/src/components/NumericUnit.js": {"path":"/Users/lighttimfire/Desktop/solar-budget/src/components/NumericUnit.js","statementMap":{"0":{"start":{"line":18,"column":2},"end":{"line":30,"column":4}}},"fnMap":{"0":{"name":"NumericUnit","decl":{"start":{"line":9,"column":24},"end":{"line":9,"column":35}},"loc":{"start":{"line":17,"column":3},"end":{"line":31,"column":1}},"line":17}},"branchMap":{"0":{"loc":{"start":{"line":21,"column":15},"end":{"line":21,"column":30}},"type":"binary-expr","locations":[{"start":{"line":21,"column":15},"end":{"line":21,"column":22}},{"start":{"line":21,"column":26},"end":{"line":21,"column":30}}],"line":21},"1":{"loc":{"start":{"line":24,"column":9},"end":{"line":24,"column":49}},"type":"binary-expr","locations":[{"start":{"line":24,"column":9},"end":{"line":24,"column":19}},{"start":{"line":24,"column":23},"end":{"line":24,"column":32}},{"start":{"line":24,"column":36},"end":{"line":24,"column":49}}],"line":24},"2":{"loc":{"start":{"line":25,"column":9},"end":{"line":25,"column":52}},"type":"binary-expr","locations":[{"start":{"line":25,"column":9},"end":{"line":25,"column":19}},{"start":{"line":25,"column":23},"end":{"line":25,"column":33}},{"start":{"line":25,"column":37},"end":{"line":25,"column":52}}],"line":25},"3":{"loc":{"start":{"line":26,"column":9},"end":{"line":26,"column":43}},"type":"binary-expr","locations":[{"start":{"line":26,"column":9},"end":{"line":26,"column":24}},{"start":{"line":26,"column":28},"end":{"line":26,"column":43}}],"line":26},"4":{"loc":{"start":{"line":27,"column":9},"end":{"line":27,"column":60}},"type":"binary-expr","locations":[{"start":{"line":27,"column":9},"end":{"line":27,"column":15}},{"start":{"line":27,"column":19},"end":{"line":27,"column":60}}],"line":27}},"s":{"0":0},"f":{"0":0},"b":{"0":[0,0],"1":[0,0,0],"2":[0,0,0],"3":[0,0],"4":[0,0]},"hash":"b47a20795e2fbaa4ca1a6115ba0caa2d57fa03ef"}
,"/Users/lighttimfire/Desktop/solar-budget/src/components/OpenOperationModalBtn.js": {"path":"/Users/lighttimfire/Desktop/solar-budget/src/components/OpenOperationModalBtn.js","statementMap":{"0":{"start":{"line":7,"column":15},"end":{"line":29,"column":2}},"1":{"start":{"line":32,"column":2},"end":{"line":41,"column":4}}},"fnMap":{"0":{"name":"OpenOperationModalBtn","decl":{"start":{"line":31,"column":24},"end":{"line":31,"column":45}},"loc":{"start":{"line":31,"column":73},"end":{"line":42,"column":1}},"line":31}},"branchMap":{"0":{"loc":{"start":{"line":36,"column":17},"end":{"line":36,"column":46}},"type":"cond-expr","locations":[{"start":{"line":36,"column":28},"end":{"line":36,"column":39}},{"start":{"line":36,"column":42},"end":{"line":36,"column":46}}],"line":36}},"s":{"0":0,"1":0},"f":{"0":0},"b":{"0":[0,0]},"hash":"3203ceca70892ab8925d2aac15e8d4371d7f6c44"}
,"/Users/lighttimfire/Desktop/solar-budget/src/components/OperationsContainer.js": {"path":"/Users/lighttimfire/Desktop/solar-budget/src/components/OperationsContainer.js","statementMap":{"0":{"start":{"line":6,"column":15},"end":{"line":22,"column":2}},"1":{"start":{"line":25,"column":2},"end":{"line":35,"column":4}}},"fnMap":{"0":{"name":"OperationsContainer","decl":{"start":{"line":24,"column":24},"end":{"line":24,"column":43}},"loc":{"start":{"line":24,"column":51},"end":{"line":36,"column":1}},"line":24}},"branchMap":{},"s":{"0":0,"1":0},"f":{"0":0},"b":{},"hash":"71c51c964540a1664c647320d7a86c6f6bc99ea4"}
,"/Users/lighttimfire/Desktop/solar-budget/src/components/ProgressBar.js": {"path":"/Users/lighttimfire/Desktop/solar-budget/src/components/ProgressBar.js","statementMap":{"0":{"start":{"line":6,"column":15},"end":{"line":26,"column":2}},"1":{"start":{"line":33,"column":2},"end":{"line":53,"column":4}}},"fnMap":{"0":{"name":"ProgressBar","decl":{"start":{"line":28,"column":24},"end":{"line":28,"column":35}},"loc":{"start":{"line":32,"column":3},"end":{"line":54,"column":1}},"line":32}},"branchMap":{"0":{"loc":{"start":{"line":46,"column":7},"end":{"line":51,"column":7}},"type":"binary-expr","locations":[{"start":{"line":46,"column":7},"end":{"line":46,"column":21}},{"start":{"line":47,"column":8},"end":{"line":50,"column":15}}],"line":46}},"s":{"0":0,"1":0},"f":{"0":0},"b":{"0":[0,0]},"hash":"6097adbcd0c2a29afb37279c8b2dbc07520b630a"}
,"/Users/lighttimfire/Desktop/solar-budget/src/components/RatePair.js": {"path":"/Users/lighttimfire/Desktop/solar-budget/src/components/RatePair.js","statementMap":{"0":{"start":{"line":6,"column":15},"end":{"line":85,"column":2}},"1":{"start":{"line":88,"column":37},"end":{"line":88,"column":52}},"2":{"start":{"line":89,"column":25},"end":{"line":89,"column":56}},"3":{"start":{"line":89,"column":31},"end":{"line":89,"column":56}},"4":{"start":{"line":90,"column":2},"end":{"line":117,"column":4}}},"fnMap":{"0":{"name":"RatePair","decl":{"start":{"line":87,"column":24},"end":{"line":87,"column":32}},"loc":{"start":{"line":87,"column":76},"end":{"line":118,"column":1}},"line":87},"1":{"name":"(anonymous_1)","decl":{"start":{"line":89,"column":25},"end":{"line":89,"column":26}},"loc":{"start":{"line":89,"column":31},"end":{"line":89,"column":56}},"line":89}},"branchMap":{"0":{"loc":{"start":{"line":105,"column":7},"end":{"line":115,"column":7}},"type":"binary-expr","locations":[{"start":{"line":105,"column":7},"end":{"line":105,"column":15}},{"start":{"line":106,"column":8},"end":{"line":114,"column":15}}],"line":105}},"s":{"0":0,"1":0,"2":0,"3":0,"4":0},"f":{"0":0,"1":0},"b":{"0":[0,0]},"hash":"46a12ff1281090bad552cca7ce79a85b928c268e"}
,"/Users/lighttimfire/Desktop/solar-budget/src/components/RatesContainer.js": {"path":"/Users/lighttimfire/Desktop/solar-budget/src/components/RatesContainer.js","statementMap":{"0":{"start":{"line":5,"column":2},"end":{"line":5,"column":56}}},"fnMap":{"0":{"name":"RatesContainer","decl":{"start":{"line":4,"column":24},"end":{"line":4,"column":38}},"loc":{"start":{"line":4,"column":69},"end":{"line":6,"column":1}},"line":4}},"branchMap":{},"s":{"0":0},"f":{"0":0},"b":{},"hash":"e2c667e0ecb42d25b7296889be8088bc5c7c0c85"}
,"/Users/lighttimfire/Desktop/solar-budget/src/components/Saldo.js": {"path":"/Users/lighttimfire/Desktop/solar-budget/src/components/Saldo.js","statementMap":{"0":{"start":{"line":6,"column":15},"end":{"line":26,"column":2}},"1":{"start":{"line":29,"column":2},"end":{"line":35,"column":4}}},"fnMap":{"0":{"name":"Saldo","decl":{"start":{"line":28,"column":24},"end":{"line":28,"column":29}},"loc":{"start":{"line":28,"column":68},"end":{"line":36,"column":1}},"line":28}},"branchMap":{},"s":{"0":0,"1":0},"f":{"0":0},"b":{},"hash":"588153eeaec24baddee671f4c444894adefbcbb3"}
,"/Users/lighttimfire/Desktop/solar-budget/src/components/SecondaryButton.js": {"path":"/Users/lighttimfire/Desktop/solar-budget/src/components/SecondaryButton.js","statementMap":{"0":{"start":{"line":6,"column":15},"end":{"line":15,"column":2}},"1":{"start":{"line":25,"column":2},"end":{"line":32,"column":4}}},"fnMap":{"0":{"name":"SecondaryButton","decl":{"start":{"line":17,"column":24},"end":{"line":17,"column":39}},"loc":{"start":{"line":24,"column":3},"end":{"line":33,"column":1}},"line":24}},"branchMap":{"0":{"loc":{"start":{"line":27,"column":7},"end":{"line":27,"column":61}},"type":"binary-expr","locations":[{"start":{"line":27,"column":7},"end":{"line":27,"column":14}},{"start":{"line":27,"column":18},"end":{"line":27,"column":61}}],"line":27}},"s":{"0":0,"1":0},"f":{"0":0},"b":{"0":[0,0]},"hash":"81057d7d3dbb077a497019076c866ac4e9dcfadb"}
,"/Users/lighttimfire/Desktop/solar-budget/src/components/SecurePin.js": {"path":"/Users/lighttimfire/Desktop/solar-budget/src/components/SecurePin.js","statementMap":{"0":{"start":{"line":6,"column":15},"end":{"line":36,"column":2}},"1":{"start":{"line":44,"column":2},"end":{"line":82,"column":4}}},"fnMap":{"0":{"name":"SecurePin","decl":{"start":{"line":38,"column":24},"end":{"line":38,"column":33}},"loc":{"start":{"line":43,"column":3},"end":{"line":83,"column":1}},"line":43}},"branchMap":{"0":{"loc":{"start":{"line":47,"column":8},"end":{"line":47,"column":78}},"type":"cond-expr","locations":[{"start":{"line":47,"column":20},"end":{"line":47,"column":36}},{"start":{"line":47,"column":39},"end":{"line":47,"column":78}}],"line":47},"1":{"loc":{"start":{"line":50,"column":19},"end":{"line":50,"column":66}},"type":"cond-expr","locations":[{"start":{"line":50,"column":31},"end":{"line":50,"column":51}},{"start":{"line":50,"column":54},"end":{"line":50,"column":66}}],"line":50},"2":{"loc":{"start":{"line":55,"column":10},"end":{"line":57,"column":60}},"type":"cond-expr","locations":[{"start":{"line":56,"column":14},"end":{"line":56,"column":40}},{"start":{"line":57,"column":14},"end":{"line":57,"column":60}}],"line":55},"3":{"loc":{"start":{"line":62,"column":12},"end":{"line":62,"column":76}},"type":"cond-expr","locations":[{"start":{"line":62,"column":32},"end":{"line":62,"column":56}},{"start":{"line":62,"column":59},"end":{"line":62,"column":76}}],"line":62},"4":{"loc":{"start":{"line":67,"column":12},"end":{"line":67,"column":76}},"type":"cond-expr","locations":[{"start":{"line":67,"column":32},"end":{"line":67,"column":56}},{"start":{"line":67,"column":59},"end":{"line":67,"column":76}}],"line":67},"5":{"loc":{"start":{"line":72,"column":12},"end":{"line":72,"column":76}},"type":"cond-expr","locations":[{"start":{"line":72,"column":32},"end":{"line":72,"column":56}},{"start":{"line":72,"column":59},"end":{"line":72,"column":76}}],"line":72},"6":{"loc":{"start":{"line":77,"column":12},"end":{"line":77,"column":76}},"type":"cond-expr","locations":[{"start":{"line":77,"column":32},"end":{"line":77,"column":56}},{"start":{"line":77,"column":59},"end":{"line":77,"column":76}}],"line":77}},"s":{"0":0,"1":0},"f":{"0":0},"b":{"0":[0,0],"1":[0,0],"2":[0,0],"3":[0,0],"4":[0,0],"5":[0,0],"6":[0,0]},"hash":"f92d1fd31c0f35b28554243dbbabcbbbed8c24ec"}
,"/Users/lighttimfire/Desktop/solar-budget/src/components/SideScreenHOC.js": {"path":"/Users/lighttimfire/Desktop/solar-budget/src/components/SideScreenHOC.js","statementMap":{"0":{"start":{"line":21,"column":15},"end":{"line":59,"column":2}},"1":{"start":{"line":62,"column":2},"end":{"line":131,"column":4}},"2":{"start":{"line":63,"column":27},"end":{"line":101,"column":5}},"3":{"start":{"line":64,"column":23},"end":{"line":67,"column":8}},"4":{"start":{"line":68,"column":29},"end":{"line":70,"column":7}},"5":{"start":{"line":71,"column":6},"end":{"line":100,"column":8}},"6":{"start":{"line":104,"column":6},"end":{"line":129,"column":8}}},"fnMap":{"0":{"name":"withSideScreen","decl":{"start":{"line":61,"column":24},"end":{"line":61,"column":38}},"loc":{"start":{"line":61,"column":50},"end":{"line":132,"column":1}},"line":61},"1":{"name":"(anonymous_1)","decl":{"start":{"line":63,"column":27},"end":{"line":63,"column":28}},"loc":{"start":{"line":63,"column":44},"end":{"line":101,"column":5}},"line":63},"2":{"name":"(anonymous_2)","decl":{"start":{"line":103,"column":4},"end":{"line":103,"column":5}},"loc":{"start":{"line":103,"column":13},"end":{"line":130,"column":5}},"line":103}},"branchMap":{},"s":{"0":0,"1":0,"2":0,"3":0,"4":0,"5":0,"6":0},"f":{"0":0,"1":0,"2":0},"b":{},"hash":"94746308ba0a034eafb637023520a55bbb1a6ead"}
,"/Users/lighttimfire/Desktop/solar-budget/src/components/Slider.js": {"path":"/Users/lighttimfire/Desktop/solar-budget/src/components/Slider.js","statementMap":{"0":{"start":{"line":9,"column":15},"end":{"line":35,"column":2}},"1":{"start":{"line":38,"column":2},"end":{"line":71,"column":4}}},"fnMap":{"0":{"name":"Slider","decl":{"start":{"line":37,"column":24},"end":{"line":37,"column":30}},"loc":{"start":{"line":37,"column":33},"end":{"line":72,"column":1}},"line":37}},"branchMap":{},"s":{"0":0,"1":0},"f":{"0":0},"b":{},"hash":"00dccf7a7c3863617aa04ddf70f0e24f9a2e0a84"}
,"/Users/lighttimfire/Desktop/solar-budget/src/components/Transaction.js": {"path":"/Users/lighttimfire/Desktop/solar-budget/src/components/Transaction.js","statementMap":{"0":{"start":{"line":13,"column":15},"end":{"line":67,"column":2}},"1":{"start":{"line":77,"column":2},"end":{"line":106,"column":4}}},"fnMap":{"0":{"name":"Transaction","decl":{"start":{"line":69,"column":24},"end":{"line":69,"column":35}},"loc":{"start":{"line":76,"column":3},"end":{"line":107,"column":1}},"line":76}},"branchMap":{"0":{"loc":{"start":{"line":94,"column":9},"end":{"line":102,"column":9}},"type":"cond-expr","locations":[{"start":{"line":95,"column":10},"end":{"line":97,"column":17}},{"start":{"line":99,"column":10},"end":{"line":101,"column":17}}],"line":94}},"s":{"0":0,"1":0},"f":{"0":0},"b":{"0":[0,0]},"hash":"95857b257196a5f914bf9f8f94e197aa6a718a4a"}
,"/Users/lighttimfire/Desktop/solar-budget/src/components/TransactionModal.js": {"path":"/Users/lighttimfire/Desktop/solar-budget/src/components/TransactionModal.js","statementMap":{"0":{"start":{"line":35,"column":15},"end":{"line":220,"column":2}},"1":{"start":{"line":226,"column":19},"end":{"line":226,"column":32}},"2":{"start":{"line":227,"column":16},"end":{"line":227,"column":48}},"3":{"start":{"line":227,"column":37},"end":{"line":227,"column":47}},"4":{"start":{"line":228,"column":18},"end":{"line":228,"column":52}},"5":{"start":{"line":228,"column":39},"end":{"line":228,"column":51}},"6":{"start":{"line":229,"column":15},"end":{"line":229,"column":73}},"7":{"start":{"line":229,"column":36},"end":{"line":229,"column":72}},"8":{"start":{"line":229,"column":60},"end":{"line":229,"column":71}},"9":{"start":{"line":231,"column":33},"end":{"line":231,"column":47}},"10":{"start":{"line":232,"column":47},"end":{"line":232,"column":61}},"11":{"start":{"line":233,"column":45},"end":{"line":233,"column":59}},"12":{"start":{"line":235,"column":35},"end":{"line":235,"column":47}},"13":{"start":{"line":236,"column":37},"end":{"line":236,"column":55}},"14":{"start":{"line":237,"column":41},"end":{"line":237,"column":53}},"15":{"start":{"line":238,"column":29},"end":{"line":240,"column":3}},"16":{"start":{"line":241,"column":29},"end":{"line":243,"column":3}},"17":{"start":{"line":244,"column":42},"end":{"line":244,"column":62}},"18":{"start":{"line":246,"column":20},"end":{"line":256,"column":3}},"19":{"start":{"line":246,"column":29},"end":{"line":256,"column":3}},"20":{"start":{"line":247,"column":33},"end":{"line":247,"column":47}},"21":{"start":{"line":248,"column":4},"end":{"line":248,"column":28}},"22":{"start":{"line":249,"column":4},"end":{"line":254,"column":5}},"23":{"start":{"line":250,"column":6},"end":{"line":252,"column":7}},"24":{"start":{"line":251,"column":8},"end":{"line":251,"column":33}},"25":{"start":{"line":253,"column":6},"end":{"line":253,"column":55}},"26":{"start":{"line":255,"column":4},"end":{"line":255,"column":47}},"27":{"start":{"line":259,"column":4},"end":{"line":268,"column":5}},"28":{"start":{"line":260,"column":39},"end":{"line":264,"column":8}},"29":{"start":{"line":265,"column":6},"end":{"line":265,"column":38}},"30":{"start":{"line":267,"column":6},"end":{"line":267,"column":60}},"31":{"start":{"line":272,"column":4},"end":{"line":279,"column":5}},"32":{"start":{"line":273,"column":43},"end":{"line":275,"column":8}},"33":{"start":{"line":276,"column":6},"end":{"line":276,"column":44}},"34":{"start":{"line":278,"column":6},"end":{"line":278,"column":60}},"35":{"start":{"line":283,"column":4},"end":{"line":283,"column":29}},"36":{"start":{"line":284,"column":4},"end":{"line":284,"column":25}},"37":{"start":{"line":287,"column":28},"end":{"line":338,"column":3}},"38":{"start":{"line":288,"column":4},"end":{"line":290,"column":5}},"39":{"start":{"line":289,"column":6},"end":{"line":289,"column":31}},"40":{"start":{"line":291,"column":4},"end":{"line":293,"column":5}},"41":{"start":{"line":292,"column":6},"end":{"line":292,"column":32}},"42":{"start":{"line":294,"column":4},"end":{"line":297,"column":5}},"43":{"start":{"line":295,"column":6},"end":{"line":295,"column":29}},"44":{"start":{"line":296,"column":6},"end":{"line":296,"column":32}},"45":{"start":{"line":298,"column":15},"end":{"line":298,"column":25}},"46":{"start":{"line":299,"column":23},"end":{"line":299,"column":54}},"47":{"start":{"line":299,"column":42},"end":{"line":299,"column":53}},"48":{"start":{"line":300,"column":21},"end":{"line":300,"column":66}},"49":{"start":{"line":300,"column":44},"end":{"line":300,"column":65}},"50":{"start":{"line":301,"column":19},"end":{"line":301,"column":32}},"51":{"start":{"line":303,"column":4},"end":{"line":310,"column":5}},"52":{"start":{"line":304,"column":6},"end":{"line":304,"column":25}},"53":{"start":{"line":305,"column":6},"end":{"line":307,"column":8}},"54":{"start":{"line":309,"column":6},"end":{"line":309,"column":22}},"55":{"start":{"line":313,"column":4},"end":{"line":316,"column":5}},"56":{"start":{"line":314,"column":21},"end":{"line":314,"column":67}},"57":{"start":{"line":314,"column":44},"end":{"line":314,"column":66}},"58":{"start":{"line":315,"column":6},"end":{"line":315,"column":31}},"59":{"start":{"line":318,"column":4},"end":{"line":331,"column":6}},"60":{"start":{"line":332,"column":4},"end":{"line":334,"column":6}},"61":{"start":{"line":335,"column":4},"end":{"line":335,"column":22}},"62":{"start":{"line":336,"column":4},"end":{"line":336,"column":29}},"63":{"start":{"line":337,"column":4},"end":{"line":337,"column":29}},"64":{"start":{"line":340,"column":33},"end":{"line":340,"column":35}},"65":{"start":{"line":341,"column":2},"end":{"line":349,"column":5}},"66":{"start":{"line":342,"column":4},"end":{"line":348,"column":5}},"67":{"start":{"line":343,"column":25},"end":{"line":346,"column":7}},"68":{"start":{"line":347,"column":6},"end":{"line":347,"column":53}},"69":{"start":{"line":351,"column":2},"end":{"line":499,"column":4}},"70":{"start":{"line":378,"column":51},"end":{"line":378,"column":73}},"71":{"start":{"line":409,"column":39},"end":{"line":409,"column":62}},"72":{"start":{"line":427,"column":39},"end":{"line":427,"column":67}},"73":{"start":{"line":441,"column":39},"end":{"line":441,"column":68}},"74":{"start":{"line":480,"column":44},"end":{"line":480,"column":60}}},"fnMap":{"0":{"name":"TransactionModal","decl":{"start":{"line":222,"column":24},"end":{"line":222,"column":40}},"loc":{"start":{"line":225,"column":3},"end":{"line":500,"column":1}},"line":225},"1":{"name":"(anonymous_1)","decl":{"start":{"line":227,"column":28},"end":{"line":227,"column":29}},"loc":{"start":{"line":227,"column":37},"end":{"line":227,"column":47}},"line":227},"2":{"name":"(anonymous_2)","decl":{"start":{"line":228,"column":30},"end":{"line":228,"column":31}},"loc":{"start":{"line":228,"column":39},"end":{"line":228,"column":51}},"line":228},"3":{"name":"(anonymous_3)","decl":{"start":{"line":229,"column":27},"end":{"line":229,"column":28}},"loc":{"start":{"line":229,"column":36},"end":{"line":229,"column":72}},"line":229},"4":{"name":"(anonymous_4)","decl":{"start":{"line":229,"column":52},"end":{"line":229,"column":53}},"loc":{"start":{"line":229,"column":60},"end":{"line":229,"column":71}},"line":229},"5":{"name":"(anonymous_5)","decl":{"start":{"line":246,"column":20},"end":{"line":246,"column":21}},"loc":{"start":{"line":246,"column":29},"end":{"line":256,"column":3}},"line":246},"6":{"name":"(anonymous_6)","decl":{"start":{"line":246,"column":29},"end":{"line":246,"column":30}},"loc":{"start":{"line":246,"column":35},"end":{"line":256,"column":3}},"line":246},"7":{"name":"timepicker","decl":{"start":{"line":258,"column":17},"end":{"line":258,"column":27}},"loc":{"start":{"line":258,"column":30},"end":{"line":269,"column":3}},"line":258},"8":{"name":"datepicker","decl":{"start":{"line":271,"column":17},"end":{"line":271,"column":27}},"loc":{"start":{"line":271,"column":30},"end":{"line":280,"column":3}},"line":271},"9":{"name":"onSelectPurpose","decl":{"start":{"line":282,"column":11},"end":{"line":282,"column":26}},"loc":{"start":{"line":282,"column":34},"end":{"line":285,"column":3}},"line":282},"10":{"name":"(anonymous_10)","decl":{"start":{"line":287,"column":28},"end":{"line":287,"column":29}},"loc":{"start":{"line":287,"column":34},"end":{"line":338,"column":3}},"line":287},"11":{"name":"(anonymous_11)","decl":{"start":{"line":299,"column":34},"end":{"line":299,"column":35}},"loc":{"start":{"line":299,"column":42},"end":{"line":299,"column":53}},"line":299},"12":{"name":"(anonymous_12)","decl":{"start":{"line":300,"column":34},"end":{"line":300,"column":35}},"loc":{"start":{"line":300,"column":44},"end":{"line":300,"column":65}},"line":300},"13":{"name":"(anonymous_13)","decl":{"start":{"line":314,"column":34},"end":{"line":314,"column":35}},"loc":{"start":{"line":314,"column":44},"end":{"line":314,"column":66}},"line":314},"14":{"name":"(anonymous_14)","decl":{"start":{"line":341,"column":18},"end":{"line":341,"column":19}},"loc":{"start":{"line":341,"column":28},"end":{"line":349,"column":3}},"line":341},"15":{"name":"(anonymous_15)","decl":{"start":{"line":378,"column":33},"end":{"line":378,"column":34}},"loc":{"start":{"line":378,"column":51},"end":{"line":378,"column":73}},"line":378},"16":{"name":"(anonymous_16)","decl":{"start":{"line":409,"column":30},"end":{"line":409,"column":31}},"loc":{"start":{"line":409,"column":39},"end":{"line":409,"column":62}},"line":409},"17":{"name":"(anonymous_17)","decl":{"start":{"line":427,"column":33},"end":{"line":427,"column":34}},"loc":{"start":{"line":427,"column":39},"end":{"line":427,"column":67}},"line":427},"18":{"name":"(anonymous_18)","decl":{"start":{"line":441,"column":33},"end":{"line":441,"column":34}},"loc":{"start":{"line":441,"column":39},"end":{"line":441,"column":68}},"line":441},"19":{"name":"(anonymous_19)","decl":{"start":{"line":480,"column":35},"end":{"line":480,"column":36}},"loc":{"start":{"line":480,"column":44},"end":{"line":480,"column":60}},"line":480}},"branchMap":{"0":{"loc":{"start":{"line":249,"column":4},"end":{"line":254,"column":5}},"type":"if","locations":[{"start":{"line":249,"column":4},"end":{"line":254,"column":5}},{"start":{"line":249,"column":4},"end":{"line":254,"column":5}}],"line":249},"1":{"loc":{"start":{"line":250,"column":6},"end":{"line":252,"column":7}},"type":"if","locations":[{"start":{"line":250,"column":6},"end":{"line":252,"column":7}},{"start":{"line":250,"column":6},"end":{"line":252,"column":7}}],"line":250},"2":{"loc":{"start":{"line":288,"column":4},"end":{"line":290,"column":5}},"type":"if","locations":[{"start":{"line":288,"column":4},"end":{"line":290,"column":5}},{"start":{"line":288,"column":4},"end":{"line":290,"column":5}}],"line":288},"3":{"loc":{"start":{"line":291,"column":4},"end":{"line":293,"column":5}},"type":"if","locations":[{"start":{"line":291,"column":4},"end":{"line":293,"column":5}},{"start":{"line":291,"column":4},"end":{"line":293,"column":5}}],"line":291},"4":{"loc":{"start":{"line":294,"column":4},"end":{"line":297,"column":5}},"type":"if","locations":[{"start":{"line":294,"column":4},"end":{"line":297,"column":5}},{"start":{"line":294,"column":4},"end":{"line":297,"column":5}}],"line":294},"5":{"loc":{"start":{"line":294,"column":8},"end":{"line":294,"column":41}},"type":"binary-expr","locations":[{"start":{"line":294,"column":8},"end":{"line":294,"column":22}},{"start":{"line":294,"column":26},"end":{"line":294,"column":41}}],"line":294},"6":{"loc":{"start":{"line":303,"column":4},"end":{"line":310,"column":5}},"type":"if","locations":[{"start":{"line":303,"column":4},"end":{"line":310,"column":5}},{"start":{"line":303,"column":4},"end":{"line":310,"column":5}}],"line":303},"7":{"loc":{"start":{"line":313,"column":4},"end":{"line":316,"column":5}},"type":"if","locations":[{"start":{"line":313,"column":4},"end":{"line":316,"column":5}},{"start":{"line":313,"column":4},"end":{"line":316,"column":5}}],"line":313},"8":{"loc":{"start":{"line":323,"column":18},"end":{"line":323,"column":43}},"type":"cond-expr","locations":[{"start":{"line":323,"column":29},"end":{"line":323,"column":36}},{"start":{"line":323,"column":39},"end":{"line":323,"column":43}}],"line":323},"9":{"loc":{"start":{"line":324,"column":17},"end":{"line":324,"column":48}},"type":"cond-expr","locations":[{"start":{"line":324,"column":28},"end":{"line":324,"column":38}},{"start":{"line":324,"column":41},"end":{"line":324,"column":48}}],"line":324},"10":{"loc":{"start":{"line":328,"column":14},"end":{"line":328,"column":41}},"type":"cond-expr","locations":[{"start":{"line":328,"column":25},"end":{"line":328,"column":34}},{"start":{"line":328,"column":37},"end":{"line":328,"column":41}}],"line":328},"11":{"loc":{"start":{"line":333,"column":33},"end":{"line":333,"column":60}},"type":"cond-expr","locations":[{"start":{"l
[...]
,"/Users/lighttimfire/Desktop/solar-budget/src/screens/Stats.js": {"path":"/Users/lighttimfire/Desktop/solar-budget/src/screens/Stats.js","statementMap":{"0":{"start":{"line":16,"column":15},"end":{"line":62,"column":2}},"1":{"start":{"line":65,"column":2},"end":{"line":90,"column":4}}},"fnMap":{"0":{"name":"Statistics","decl":{"start":{"line":64,"column":24},"end":{"line":64,"column":34}},"loc":{"start":{"line":64,"column":37},"end":{"line":91,"column":1}},"line":64}},"branchMap":{},"s":{"0":0,"1":0},"f":{"0":0},"b":{},"hash":"de6eaa53ad169fae9b8d2fbd9f899e9c78cdbdad"}
,"/Users/lighttimfire/Desktop/solar-budget/src/screens/Targets.js": {"path":"/Users/lighttimfire/Desktop/solar-budget/src/screens/Targets.js","statementMap":{"0":{"start":{"line":11,"column":15},"end":{"line":43,"column":2}},"1":{"start":{"line":46,"column":19},"end":{"line":46,"column":32}},"2":{"start":{"line":48,"column":22},"end":{"line":48,"column":56}},"3":{"start":{"line":48,"column":43},"end":{"line":48,"column":55}},"4":{"start":{"line":49,"column":15},"end":{"line":49,"column":73}},"5":{"start":{"line":49,"column":36},"end":{"line":49,"column":72}},"6":{"start":{"line":49,"column":60},"end":{"line":49,"column":71}},"7":{"start":{"line":50,"column":18},"end":{"line":50,"column":73}},"8":{"start":{"line":50,"column":47},"end":{"line":50,"column":72}},"9":{"start":{"line":54,"column":21},"end":{"line":54,"column":23}},"10":{"start":{"line":55,"column":2},"end":{"line":61,"column":3}},"11":{"start":{"line":56,"column":4},"end":{"line":56,"column":57}},"12":{"start":{"line":56,"column":42},"end":{"line":56,"column":55}},"13":{"start":{"line":57,"column":4},"end":{"line":57,"column":40}},"14":{"start":{"line":58,"column":4},"end":{"line":58,"column":51}},"15":{"start":{"line":60,"column":4},"end":{"line":60,"column":28}},"16":{"start":{"line":63,"column":51},"end":{"line":63,"column":66}},"17":{"start":{"line":64,"column":34},"end":{"line":64,"column":79}},"18":{"start":{"line":64,"column":40},"end":{"line":64,"column":79}},"19":{"start":{"line":66,"column":23},"end":{"line":68,"column":3}},"20":{"start":{"line":67,"column":4},"end":{"line":67,"column":38}},"21":{"start":{"line":69,"column":2},"end":{"line":115,"column":4}},"22":{"start":{"line":98,"column":12},"end":{"line":105,"column":14}},"23":{"start":{"line":107,"column":32},"end":{"line":107,"column":39}}},"fnMap":{"0":{"name":"Targets","decl":{"start":{"line":45,"column":9},"end":{"line":45,"column":16}},"loc":{"start":{"line":45,"column":19},"end":{"line":116,"column":1}},"line":45},"1":{"name":"(anonymous_1)","decl":{"start":{"line":48,"column":34},"end":{"line":48,"column":35}},"loc":{"start":{"line":48,"column":43},"end":{"line":48,"column":55}},"line":48},"2":{"name":"(anonymous_2)","decl":{"start":{"line":49,"column":27},"end":{"line":49,"column":28}},"loc":{"start":{"line":49,"column":36},"end":{"line":49,"column":72}},"line":49},"3":{"name":"(anonymous_3)","decl":{"start":{"line":49,"column":52},"end":{"line":49,"column":53}},"loc":{"start":{"line":49,"column":60},"end":{"line":49,"column":71}},"line":49},"4":{"name":"(anonymous_4)","decl":{"start":{"line":50,"column":37},"end":{"line":50,"column":38}},"loc":{"start":{"line":50,"column":47},"end":{"line":50,"column":72}},"line":50},"5":{"name":"(anonymous_5)","decl":{"start":{"line":56,"column":32},"end":{"line":56,"column":33}},"loc":{"start":{"line":56,"column":42},"end":{"line":56,"column":55}},"line":56},"6":{"name":"(anonymous_6)","decl":{"start":{"line":64,"column":34},"end":{"line":64,"column":35}},"loc":{"start":{"line":64,"column":40},"end":{"line":64,"column":79}},"line":64},"7":{"name":"(anonymous_7)","decl":{"start":{"line":66,"column":23},"end":{"line":66,"column":24}},"loc":{"start":{"line":66,"column":29},"end":{"line":68,"column":3}},"line":66},"8":{"name":"(anonymous_8)","decl":{"start":{"line":97,"column":22},"end":{"line":97,"column":23}},"loc":{"start":{"line":98,"column":12},"end":{"line":105,"column":14}},"line":98},"9":{"name":"(anonymous_9)","decl":{"start":{"line":107,"column":24},"end":{"line":107,"column":25}},"loc":{"start":{"line":107,"column":32},"end":{"line":107,"column":39}},"line":107}},"branchMap":{"0":{"loc":{"start":{"line":55,"column":2},"end":{"line":61,"column":3}},"type":"if","locations":[{"start":{"line":55,"column":2},"end":{"line":61,"column":3}},{"start":{"line":55,"column":2},"end":{"line":61,"column":3}}],"line":55},"1":{"loc":{"start":{"line":81,"column":7},"end":{"line":85,"column":7}},"type":"binary-expr","locations":[{"start":{"line":81,"column":7},"end":{"line":81,"column":27}},{"start":{"line":82,"column":8},"end":{"line":84,"column":15}}],"line":81},"2":{"loc":{"start":{"line":86,"column":7},"end":{"line":91,"column":7}},"type":"binary-expr","locations":[{"start":{"line":86,"column":7},"end":{"line":86,"column":25}},{"start":{"line":86,"column":29},"end":{"line":86,"column":49}},{"start":{"line":87,"column":8},"end":{"line":90,"column":15}}],"line":86},"3":{"loc":{"start":{"line":92,"column":7},"end":{"line":109,"column":14}},"type":"cond-expr","locations":[{"start":{"line":93,"column":8},"end":{"line":108,"column":10}},{"start":{"line":109,"column":10},"end":{"line":109,"column":14}}],"line":92}},"s":{"0":0,"1":0,"2":0,"3":0,"4":0,"5":0,"6":0,"7":0,"8":0,"9":0,"10":0,"11":0,"12":0,"13":0,"14":0,"15":0,"16":0,"17":0,"18":0,"19":0,"20":0,"21":0,"22":0,"23":0},"f":{"0":0,"1":0,"2":0,"3":0,"4":0,"5":0,"6":0,"7":0,"8":0,"9":0},"b":{"0":[0,0],"1":[0,0],"2":[0,0,0],"3":[0,0]},"hash":"7af1666d7d6c26fb2e2b5f0af982ba7b6c2bcf3c"}
,"/Users/lighttimfire/Desktop/solar-budget/src/screens/ValidatePinCode.js": {"path":"/Users/lighttimfire/Desktop/solar-budget/src/screens/ValidatePinCode.js","statementMap":{"0":{"start":{"line":13,"column":17},"end":{"line":13,"column":37}},"1":{"start":{"line":15,"column":15},"end":{"line":57,"column":2}},"2":{"start":{"line":60,"column":19},"end":{"line":60,"column":32}},"3":{"start":{"line":61,"column":16},"end":{"line":61,"column":48}},"4":{"start":{"line":61,"column":37},"end":{"line":61,"column":47}},"5":{"start":{"line":62,"column":22},"end":{"line":62,"column":34}},"6":{"start":{"line":64,"column":28},"end":{"line":64,"column":40}},"7":{"start":{"line":65,"column":17},"end":{"line":65,"column":49}},"8":{"start":{"line":65,"column":23},"end":{"line":65,"column":49}},"9":{"start":{"line":67,"column":21},"end":{"line":73,"column":3}},"10":{"start":{"line":67,"column":30},"end":{"line":73,"column":3}},"11":{"start":{"line":68,"column":26},"end":{"line":68,"column":41}},"12":{"start":{"line":69,"column":4},"end":{"line":71,"column":5}},"13":{"start":{"line":70,"column":6},"end":{"line":70,"column":42}},"14":{"start":{"line":72,"column":4},"end":{"line":72,"column":26}},"15":{"start":{"line":75,"column":22},"end":{"line":106,"column":3}},"16":{"start":{"line":76,"column":4},"end":{"line":76,"column":15}},"17":{"start":{"line":77,"column":4},"end":{"line":105,"column":5}},"18":{"start":{"line":78,"column":21},"end":{"line":78,"column":54}},"19":{"start":{"line":79,"column":6},"end":{"line":79,"column":53}},"20":{"start":{"line":80,"column":6},"end":{"line":84,"column":8}},"21":{"start":{"line":85,"column":6},"end":{"line":97,"column":15}},"22":{"start":{"line":86,"column":21},"end":{"line":86,"column":59}},"23":{"start":{"line":86,"column":40},"end":{"line":86,"column":58}},"24":{"start":{"line":87,"column":21},"end":{"line":87,"column":101}},"25":{"start":{"line":88,"column":25},"end":{"line":90,"column":23}},"26":{"start":{"line":91,"column":8},"end":{"line":95,"column":11}},"27":{"start":{"line":96,"column":8},"end":{"line":96,"column":17}},"28":{"start":{"line":99,"column":6},"end":{"line":103,"column":8}},"29":{"start":{"line":104,"column":6},"end":{"line":104,"column":29}},"30":{"start":{"line":108,"column":2},"end":{"line":108,"column":49}},"31":{"start":{"line":108,"column":28},"end":{"line":108,"column":49}},"32":{"start":{"line":110,"column":2},"end":{"line":138,"column":4}},"33":{"start":{"line":122,"column":32},"end":{"line":122,"column":49}}},"fnMap":{"0":{"name":"ValidatePinCode","decl":{"start":{"line":59,"column":24},"end":{"line":59,"column":39}},"loc":{"start":{"line":59,"column":56},"end":{"line":139,"column":1}},"line":59},"1":{"name":"(anonymous_1)","decl":{"start":{"line":61,"column":28},"end":{"line":61,"column":29}},"loc":{"start":{"line":61,"column":37},"end":{"line":61,"column":47}},"line":61},"2":{"name":"(anonymous_2)","decl":{"start":{"line":65,"column":17},"end":{"line":65,"column":18}},"loc":{"start":{"line":65,"column":23},"end":{"line":65,"column":49}},"line":65},"3":{"name":"(anonymous_3)","decl":{"start":{"line":67,"column":21},"end":{"line":67,"column":22}},"loc":{"start":{"line":67,"column":30},"end":{"line":73,"column":3}},"line":67},"4":{"name":"(anonymous_4)","decl":{"start":{"line":67,"column":30},"end":{"line":67,"column":31}},"loc":{"start":{"line":67,"column":36},"end":{"line":73,"column":3}},"line":67},"5":{"name":"(anonymous_5)","decl":{"start":{"line":75,"column":22},"end":{"line":75,"column":23}},"loc":{"start":{"line":75,"column":28},"end":{"line":106,"column":3}},"line":75},"6":{"name":"(anonymous_6)","decl":{"start":{"line":85,"column":17},"end":{"line":85,"column":18}},"loc":{"start":{"line":85,"column":29},"end":{"line":97,"column":7}},"line":85},"7":{"name":"(anonymous_7)","decl":{"start":{"line":86,"column":32},"end":{"line":86,"column":33}},"loc":{"start":{"line":86,"column":40},"end":{"line":86,"column":58}},"line":86},"8":{"name":"(anonymous_8)","decl":{"start":{"line":122,"column":23},"end":{"line":122,"column":24}},"loc":{"start":{"line":122,"column":32},"end":{"line":122,"column":49}},"line":122}},"branchMap":{"0":{"loc":{"start":{"line":69,"column":4},"end":{"line":71,"column":5}},"type":"if","locations":[{"start":{"line":69,"column":4},"end":{"line":71,"column":5}},{"start":{"line":69,"column":4},"end":{"line":71,"column":5}}],"line":69},"1":{"loc":{"start":{"line":108,"column":2},"end":{"line":108,"column":49}},"type":"if","locations":[{"start":{"line":108,"column":2},"end":{"line":108,"column":49}},{"start":{"line":108,"column":2},"end":{"line":108,"column":49}}],"line":108}},"s":{"0":0,"1":0,"2":0,"3":0,"4":0,"5":0,"6":0,"7":0,"8":0,"9":0,"10":0,"11":0,"12":0,"13":0,"14":0,"15":0,"16":0,"17":0,"18":0,"19":0,"20":0,"21":0,"22":0,"23":0,"24":0,"25":0,"26":0,"27":0,"28":0,"29":0,"30":0,"31":0,"32":0,"33":0},"f":{"0":0,"1":0,"2":0,"3":0,"4":0,"5":0,"6":0,"7":0,"8":0},"b":{"0":[0,0],"1":[0,0]},"hash":"e1ea5b06dce6e57aa68ebdcd74109aa73f6e8700"}
,"/Users/lighttimfire/Desktop/solar-budget/src/screens/Wallet.js": {"path":"/Users/lighttimfire/Desktop/solar-budget/src/screens/Wallet.js","statementMap":{"0":{"start":{"line":15,"column":15},"end":{"line":48,"column":2}},"1":{"start":{"line":51,"column":19},"end":{"line":51,"column":32}},"2":{"start":{"line":52,"column":23},"end":{"line":52,"column":57}},"3":{"start":{"line":52,"column":44},"end":{"line":52,"column":56}},"4":{"start":{"line":53,"column":15},"end":{"line":53,"column":73}},"5":{"start":{"line":53,"column":36},"end":{"line":53,"column":72}},"6":{"start":{"line":53,"column":60},"end":{"line":53,"column":71}},"7":{"start":{"line":54,"column":20},"end":{"line":54,"column":52}},"8":{"start":{"line":54,"column":41},"end":{"line":54,"column":51}},"9":{"start":{"line":55,"column":16},"end":{"line":55,"column":65}},"10":{"start":{"line":55,"column":41},"end":{"line":55,"column":64}},"11":{"start":{"line":60,"column":2},"end":{"line":65,"column":3}},"12":{"start":{"line":61,"column":4},"end":{"line":61,"column":49}},"13":{"start":{"line":61,"column":36},"end":{"line":61,"column":47}},"14":{"start":{"line":62,"column":4},"end":{"line":62,"column":49}},"15":{"start":{"line":64,"column":4},"end":{"line":64,"column":28}},"16":{"start":{"line":68,"column":31},"end":{"line":68,"column":33}},"17":{"start":{"line":69,"column":2},"end":{"line":74,"column":3}},"18":{"start":{"line":70,"column":4},"end":{"line":70,"column":33}},"19":{"start":{"line":71,"column":4},"end":{"line":73,"column":6}},"20":{"start":{"line":72,"column":21},"end":{"line":72,"column":56}},"21":{"start":{"line":76,"column":55},"end":{"line":76,"column":70}},"22":{"start":{"line":77,"column":33},"end":{"line":78,"column":47}},"23":{"start":{"line":78,"column":4},"end":{"line":78,"column":47}},"24":{"start":{"line":79,"column":41},"end":{"line":79,"column":56}},"25":{"start":{"line":80,"column":26},"end":{"line":80,"column":61}},"26":{"start":{"line":80,"column":32},"end":{"line":80,"column":61}},"27":{"start":{"line":82,"column":21},"end":{"line":84,"column":3}},"28":{"start":{"line":83,"column":4},"end":{"line":83,"column":53}},"29":{"start":{"line":85,"column":2},"end":{"line":141,"column":4}},"30":{"start":{"line":115,"column":12},"end":{"line":122,"column":14}},"31":{"start":{"line":124,"column":32},"end":{"line":124,"column":39}}},"fnMap":{"0":{"name":"Wallet","decl":{"start":{"line":50,"column":9},"end":{"line":50,"column":15}},"loc":{"start":{"line":50,"column":18},"end":{"line":142,"column":1}},"line":50},"1":{"name":"(anonymous_1)","decl":{"start":{"line":52,"column":35},"end":{"line":52,"column":36}},"loc":{"start":{"line":52,"column":44},"end":{"line":52,"column":56}},"line":52},"2":{"name":"(anonymous_2)","decl":{"start":{"line":53,"column":27},"end":{"line":53,"column":28}},"loc":{"start":{"line":53,"column":36},"end":{"line":53,"column":72}},"line":53},"3":{"name":"(anonymous_3)","decl":{"start":{"line":53,"column":52},"end":{"line":53,"column":53}},"loc":{"start":{"line":53,"column":60},"end":{"line":53,"column":71}},"line":53},"4":{"name":"(anonymous_4)","decl":{"start":{"line":54,"column":32},"end":{"line":54,"column":33}},"loc":{"start":{"line":54,"column":41},"end":{"line":54,"column":51}},"line":54},"5":{"name":"(anonymous_5)","decl":{"start":{"line":55,"column":33},"end":{"line":55,"column":34}},"loc":{"start":{"line":55,"column":41},"end":{"line":55,"column":64}},"line":55},"6":{"name":"(anonymous_6)","decl":{"start":{"line":61,"column":28},"end":{"line":61,"column":29}},"loc":{"start":{"line":61,"column":36},"end":{"line":61,"column":47}},"line":61},"7":{"name":"(anonymous_7)","decl":{"start":{"line":72,"column":6},"end":{"line":72,"column":7}},"loc":{"start":{"line":72,"column":21},"end":{"line":72,"column":56}},"line":72},"8":{"name":"(anonymous_8)","decl":{"start":{"line":77,"column":33},"end":{"line":77,"column":34}},"loc":{"start":{"line":78,"column":4},"end":{"line":78,"column":47}},"line":78},"9":{"name":"(anonymous_9)","decl":{"start":{"line":80,"column":26},"end":{"line":80,"column":27}},"loc":{"start":{"line":80,"column":32},"end":{"line":80,"column":61}},"line":80},"10":{"name":"(anonymous_10)","decl":{"start":{"line":82,"column":21},"end":{"line":82,"column":22}},"loc":{"start":{"line":82,"column":27},"end":{"line":84,"column":3}},"line":82},"11":{"name":"(anonymous_11)","decl":{"start":{"line":114,"column":22},"end":{"line":114,"column":23}},"loc":{"start":{"line":115,"column":12},"end":{"line":122,"column":14}},"line":115},"12":{"name":"(anonymous_12)","decl":{"start":{"line":124,"column":24},"end":{"line":124,"column":25}},"loc":{"start":{"line":124,"column":32},"end":{"line":124,"column":39}},"line":124}},"branchMap":{"0":{"loc":{"start":{"line":60,"column":2},"end":{"line":65,"column":3}},"type":"if","locations":[{"start":{"line":60,"column":2},"end":{"line":65,"column":3}},{"start":{"line":60,"column":2},"end":{"line":65,"column":3}}],"line":60},"1":{"loc":{"start":{"line":69,"column":2},"end":{"line":74,"column":3}},"type":"if","locations":[{"start":{"line":69,"column":2},"end":{"line":74,"column":3}},{"start":{"line":69,"column":2},"end":{"line":74,"column":3}}],"line":69},"2":{"loc":{"start":{"line":98,"column":7},"end":{"line":103,"column":7}},"type":"binary-expr","locations":[{"start":{"line":98,"column":7},"end":{"line":98,"column":25}},{"start":{"line":99,"column":8},"end":{"line":102,"column":15}}],"line":98},"3":{"loc":{"start":{"line":104,"column":7},"end":{"line":109,"column":7}},"type":"binary-expr","locations":[{"start":{"line":104,"column":7},"end":{"line":104,"column":23}},{"start":{"line":104,"column":27},"end":{"line":104,"column":57}},{"start":{"line":105,"column":8},"end":{"line":108,"column":15}}],"line":104},"4":{"loc":{"start":{"line":110,"column":7},"end":{"line":126,"column":14}},"type":"cond-expr","locations":[{"start":{"line":111,"column":8},"end":{"line":125,"column":10}},{"start":{"line":126,"column":10},"end":{"line":126,"column":14}}],"line":110},"5":{"loc":{"start":{"line":110,"column":7},"end":{"line":110,"column":56}},"type":"binary-expr","locations":[{"start":{"line":110,"column":7},"end":{"line":110,"column":23}},{"start":{"line":110,"column":27},"end":{"line":110,"column":56}}],"line":110}},"s":{"0":0,"1":0,"2":0,"3":0,"4":0,"5":0,"6":0,"7":0,"8":0,"9":0,"10":0,"11":0,"12":0,"13":0,"14":0,"15":0,"16":0,"17":0,"18":0,"19":0,"20":0,"21":0,"22":0,"23":0,"24":0,"25":0,"26":0,"27":0,"28":0,"29":0,"30":0,"31":0},"f":{"0":0,"1":0,"2":0,"3":0,"4":0,"5":0,"6":0,"7":0,"8":0,"9":0,"10":0,"11":0,"12":0},"b":{"0":[0,0],"1":[0,0],"2":[0,0],"3":[0,0,0],"4":[0,0],"5":[0,0]},"hash":"ba1e628515bef3a0b001e7cbcee9a0bf11e55959"}
,"/Users/lighttimfire/Desktop/solar-budget/src/screens/Welcome.js": {"path":"/Users/lighttimfire/Desktop/solar-budget/src/screens/Welcome.js","statementMap":{"0":{"start":{"line":8,"column":15},"end":{"line":33,"column":2}},"1":{"start":{"line":36,"column":16},"end":{"line":36,"column":48}},"2":{"start":{"line":36,"column":37},"end":{"line":36,"column":47}},"3":{"start":{"line":37,"column":15},"end":{"line":37,"column":71}},"4":{"start":{"line":37,"column":28},"end":{"line":37,"column":71}},"5":{"start":{"line":37,"column":34},"end":{"line":37,"column":71}},"6":{"start":{"line":38,"column":2},"end":{"line":55,"column":4}}},"fnMap":{"0":{"name":"Welcome","decl":{"start":{"line":35,"column":24},"end":{"line":35,"column":31}},"loc":{"start":{"line":35,"column":34},"end":{"line":56,"column":1}},"line":35},"1":{"name":"(anonymous_1)","decl":{"start":{"line":36,"column":28},"end":{"line":36,"column":29}},"loc":{"start":{"line":36,"column":37},"end":{"line":36,"column":47}},"line":36},"2":{"name":"(anonymous_2)","decl":{"start":{"line":37,"column":15},"end":{"line":37,"column":16}},"loc":{"start":{"line":37,"column":28},"end":{"line":37,"column":71}},"line":37},"3":{"name":"(anonymous_3)","decl":{"start":{"line":37,"column":28},"end":{"line":37,"column":29}},"loc":{"start":{"line":37,"column":34},"end":{"line":37,"column":71}},"line":37}},"branchMap":{"0":{"loc":{"start":{"line":50,"column":25},"end":{"line":50,"column":79}},"type":"cond-expr","locations":[{"start":{"line":50,"column":44},"end":{"line":50,"column":60}},{"start":{"line":50,"column":63},"end":{"line":50,"column":79}}],"line":50}},"s":{"0":0,"1":0,"2":0,"3":0,"4":0,"5":0,"6":0},"f":{"0":0,"1":0,"2":0,"3":0},"b":{"0":[0,0]},"hash":"2c6ec37f0aaa278d1ba4cfd52df2dc721a4fe8a1"}
,"/Users/lighttimfire/Desktop/solar-budget/src/utils/dotSeparation.js": {"path":"/Users/lighttimfire/Desktop/solar-budget/src/utils/dotSeparation.js","statementMap":{"0":{"start":{"line":2,"column":2},"end":{"line":2,"column":59}}},"fnMap":{"0":{"name":"(anonymous_0)","decl":{"start":{"line":1,"column":15},"end":{"line":1,"column":16}},"loc":{"start":{"line":1,"column":32},"end":{"line":3,"column":1}},"line":1}},"branchMap":{},"s":{"0":0},"f":{"0":0},"b":{},"hash":"1ec1fd285ca4449e71537c787057172a7bba38ad"}
}
