TN:
SF:/Users/lighttimfire/Desktop/solar-budget/App.js
FN:13,(anonymous_0)
FN:19,(anonymous_1)
FN:35,(anonymous_2)
FN:40,(anonymous_3)
FNF:4
FNH:0
FNDA:0,(anonymous_0)
FNDA:0,(anonymous_1)
FNDA:0,(anonymous_2)
FNDA:0,(anonymous_3)
DA:14,0
DA:16,0
DA:19,0
DA:20,0
DA:22,0
DA:31,0
DA:32,0
DA:36,0
DA:37,0
DA:40,0
DA:46,0
LF:11
LH:0
BRDA:36,0,0,0
BRDA:36,0,1,0
BRF:2
BRH:0
end_of_record
TN:
SF:/Users/lighttimfire/Desktop/solar-budget/metro.config.js
FN:5,(anonymous_0)
FN:14,(anonymous_1)
FNF:2
FNH:0
FNDA:0,(anonymous_0)
FNDA:0,(anonymous_1)
DA:2,0
DA:5,0
DA:8,0
DA:9,0
DA:14,0
LF:5
LH:0
BRF:0
BRH:0
end_of_record
TN:
SF:/Users/lighttimfire/Desktop/solar-budget/src/components/ModalCreateRatePair.js.js
FN:50,ModalCreateRatePair
FNF:1
FNH:0
FNDA:0,ModalCreateRatePair
DA:7,0
DA:54,0
LF:2
LH:0
BRF:0
BRH:0
end_of_record
TN:
SF:/Users/lighttimfire/Desktop/solar-budget/src/components/NavigationBackArrow.jskArrow.js
FN:14,NavigationBackArrow
FN:15,(anonymous_1)
FNF:2
FNH:0
FNDA:0,NavigationBackArrow
FNDA:0,(anonymous_1)
DA:7,0
DA:15,0
DA:16,0
LF:3
LH:0
BRF:0
BRH:0
end_of_record
TN:
SF:/Users/lighttimfire/Desktop/solar-budget/src/components/ModalCreateBill.jsill.js
FN:156,ModalCreateBill
FN:158,(anonymous_1)
FN:158,(anonymous_2)
FN:163,(anonymous_3)
FN:163,(anonymous_4)
FN:175,(anonymous_5)
FN:215,(anonymous_6)
FN:229,(anonymous_7)
FN:243,(anonymous_8)
FN:287,(anonymous_9)
FNF:10
FNH:0
FNDA:0,ModalCreateBill
FNDA:0,(anonymous_1)
FNDA:0,(anonymous_2)
FNDA:0,(anonymous_3)
FNDA:0,(anonymous_4)
FNDA:0,(anonymous_5)
FNDA:0,(anonymous_6)
FNDA:0,(anonymous_7)
FNDA:0,(anonymous_8)
FNDA:0,(anonymous_9)
DA:27,0
DA:157,0
DA:158,0
DA:159,0
DA:160,0
DA:161,0
DA:163,0
DA:164,0
DA:165,0
DA:166,0
DA:167,0
DA:168,0
DA:170,0
DA:172,0
DA:175,0
DA:176,0
DA:177,0
DA:178,0
DA:179,0
DA:181,0
DA:191,0
DA:192,0
DA:193,0
DA:196,0
DA:215,0
DA:229,0
DA:243,0
DA:287,0
LF:28
LH:0
BRDA:166,0,0,0
BRDA:166,0,1,0
BRDA:167,1,0,0
BRDA:167,1,1,0
BRDA:177,2,0,0
BRDA:177,2,1,0
BRDA:177,3,0,0
BRDA:177,3,1,0
BRDA:217,4,0,0
BRDA:217,4,1,0
BRDA:222,5,0,0
BRDA:222,5,1,0
BRDA:231,6,0,0
BRDA:231,6,1,0
BRDA:236,7,0,0
BRDA:236,7,1,0
BRDA:245,8,0,0
BRDA:245,8,1,0
BRDA:250,9,0,0
BRDA:250,9,1,0
BRDA:259,10,0,0
BRDA:259,10,1,0
BRDA:265,11,0,0
BRDA:265,11,1,0
BRDA:273,12,0,0
BRDA:273,12,1,0
BRDA:295,13,0,0
BRDA:295,13,1,0
BRF:28
BRH:0
end_of_record
TN:
SF:/Users/lighttimfire/Desktop/solar-budget/src/components/ButtonMainBlue.jse.js
FN:7,ButtonMainBlue
FNF:1
FNH:0
FNDA:0,ButtonMainBlue
DA:15,0
DA:23,0
LF:2
LH:0
BRDA:17,0,0,0
BRDA:17,0,1,0
BRDA:26,1,0,0
BRDA:26,1,1,0
BRF:4
BRH:0
end_of_record
TN:
SF:/Users/lighttimfire/Desktop/solar-budget/src/components/CloseModalButton.js
FN:6,CloseModalButton
FNF:1
FNH:0
FNDA:0,CloseModalButton
DA:7,0
LF:1
LH:0
BRF:0
BRH:0
end_of_record
TN:
SF:/Users/lighttimfire/Desktop/solar-budget/src/components/ButtonCreateBill.js
FN:24,ButtonCreateBill
FNF:1
FNH:0
FNDA:0,ButtonCreateBill
DA:7,0
DA:25,0
LF:2
LH:0
BRF:0
BRH:0
end_of_record
TN:
SF:/Users/lighttimfire/Desktop/solar-budget/src/components/ModalCreateTarget.js
FN:175,ModalCreateTarget
FN:180,(anonymous_1)
FN:180,(anonymous_2)
FN:188,(anonymous_3)
FN:188,(anonymous_4)
FN:200,onTypeName
FN:205,(anonymous_6)
FN:259,(anonymous_7)
FN:266,(anonymous_8)
FN:280,(anonymous_9)
FN:294,(anonymous_10)
FN:335,(anonymous_11)
FNF:12
FNH:0
FNDA:0,ModalCreateTarget
FNDA:0,(anonymous_1)
FNDA:0,(anonymous_2)
FNDA:0,(anonymous_3)
FNDA:0,(anonymous_4)
FNDA:0,onTypeName
FNDA:0,(anonymous_6)
FNDA:0,(anonymous_7)
FNDA:0,(anonymous_8)
FNDA:0,(anonymous_9)
FNDA:0,(anonymous_10)
FNDA:0,(anonymous_11)
DA:30,0
DA:179,0
DA:180,0
DA:181,0
DA:182,0
DA:183,0
DA:184,0
DA:185,0
DA:186,0
DA:188,0
DA:189,0
DA:190,0
DA:191,0
DA:192,0
DA:193,0
DA:195,0
DA:197,0
DA:201,0
DA:202,0
DA:205,0
DA:206,0
DA:207,0
DA:209,0
DA:210,0
DA:212,0
DA:213,0
DA:214,0
DA:216,0
DA:217,0
DA:228,0
DA:229,0
DA:230,0
DA:231,0
DA:234,0
DA:259,0
DA:266,0
DA:280,0
DA:294,0
DA:335,0
LF:39
LH:0
BRDA:191,0,0,0
BRDA:191,0,1,0
BRDA:192,1,0,0
BRDA:192,1,1,0
BRDA:206,2,0,0
BRDA:206,2,1,0
BRDA:209,3,0,0
BRDA:209,3,1,0
BRDA:212,4,0,0
BRDA:212,4,1,0
BRDA:212,5,0,0
BRDA:212,5,1,0
BRDA:252,6,0,0
BRDA:252,6,1,0
BRDA:258,7,0,0
BRDA:258,7,1,0
BRDA:268,8,0,0
BRDA:268,8,1,0
BRDA:273,9,0,0
BRDA:273,9,1,0
BRDA:282,10,0,0
BRDA:282,10,1,0
BRDA:287,11,0,0
BRDA:287,11,1,0
BRDA:296,12,0,0
BRDA:296,12,1,0
BRDA:301,13,0,0
BRDA:301,13,1,0
BRDA:310,14,0,0
BRDA:310,14,1,0
BRDA:316,15,0,0
BRDA:316,15,1,0
BRDA:321,16,0,0
BRDA:321,16,1,0
BRDA:343,17,0,0
BRDA:343,17,1,0
BRF:36
BRH:0
end_of_record
TN:
SF:/Users/lighttimfire/Desktop/solar-budget/src/components/CreationHeader.js
FN:24,CreationHeader
FNF:1
FNH:0
FNDA:0,CreationHeader
DA:6,0
DA:25,0
LF:2
LH:0
BRF:0
BRH:0
end_of_record
TN:
SF:/Users/lighttimfire/Desktop/solar-budget/src/components/Header.js
FN:110,Header
FN:121,(anonymous_1)
FN:164,(anonymous_2)
FN:165,(anonymous_3)
FN:180,(anonymous_4)
FNF:5
FNH:0
FNDA:0,Header
FNDA:0,(anonymous_1)
FNDA:0,(anonymous_2)
FNDA:0,(anonymous_3)
FNDA:0,(anonymous_4)
DA:14,0
DA:121,0
DA:122,0
DA:164,0
DA:166,0
DA:180,0
DA:196,0
LF:7
LH:0
BRDA:126,0,0,0
BRDA:126,0,1,0
BRDA:139,1,0,0
BRDA:139,1,1,0
BRDA:141,2,0,0
BRDA:141,2,1,0
BRDA:156,3,0,0
BRDA:156,3,1,0
BRDA:171,4,0,0
BRDA:171,4,1,0
BRDA:176,5,0,0
BRDA:176,5,1,0
BRDA:185,6,0,0
BRDA:185,6,1,0
BRF:14
BRH:0
end_of_record
TN:
SF:/Users/lighttimfire/Desktop/solar-budget/src/components/AuthHeaderer.js
FN:22,AuthHeader
FNF:1
FNH:0
FNDA:0,AuthHeader
DA:5,0
DA:30,0
LF:2
LH:0
BRDA:34,0,0,0
BRDA:34,0,1,0
BRDA:35,1,0,0
BRDA:35,1,1,0
BRF:4
BRH:0
end_of_record
TN:
SF:/Users/lighttimfire/Desktop/solar-budget/src/components/CustomInput.js
FN:12,CustomInput
FN:26,(anonymous_1)
FNF:2
FNH:0
FNDA:0,CustomInput
FNDA:0,(anonymous_1)
DA:7,0
DA:24,0
DA:26,0
DA:27,0
DA:30,0
LF:5
LH:0
BRDA:32,0,0,0
BRDA:32,0,1,0
BRDA:33,1,0,0
BRDA:33,1,1,0
BRDA:42,2,0,0
BRDA:42,2,1,0
BRDA:48,3,0,0
BRDA:48,3,1,0
BRF:8
BRH:0
end_of_record
TN:
SF:/Users/lighttimfire/Desktop/solar-budget/src/components/ButtonWithFeedbackBlueackBlue.js
FN:20,ButtonWithFeedbackBlue
FNF:1
FNH:0
FNDA:0,ButtonWithFeedbackBlue
DA:6,0
DA:21,0
LF:2
LH:0
BRF:0
BRH:0
end_of_record
TN:
SF:/Users/lighttimfire/Desktop/solar-budget/src/components/ModalHeader.js
FN:6,ModalHeader
FNF:1
FNH:0
FNDA:0,ModalHeader
DA:13,0
LF:1
LH:0
BRF:0
BRH:0
end_of_record
TN:
SF:/Users/lighttimfire/Desktop/solar-budget/src/components/ModalRatePair.js
FN:32,ModalRatePair
FN:39,(anonymous_1)
FN:39,(anonymous_2)
FN:40,(anonymous_3)
FN:42,onSelectRatePair
FN:45,(anonymous_5)
FN:62,renderSelectButton
FN:64,(anonymous_7)
FNF:8
FNH:0
FNDA:0,ModalRatePair
FNDA:0,(anonymous_1)
FNDA:0,(anonymous_2)
FNDA:0,(anonymous_3)
FNDA:0,onSelectRatePair
FNDA:0,(anonymous_5)
FNDA:0,renderSelectButton
FNDA:0,(anonymous_7)
DA:12,0
DA:38,0
DA:39,0
DA:40,0
DA:43,0
DA:44,0
DA:45,0
DA:47,0
DA:50,0
DA:63,0
DA:64,0
DA:72,0
LF:12
LH:0
BRDA:43,0,0,0
BRDA:43,0,1,0
BRDA:44,1,0,0
BRDA:44,1,1,0
BRDA:45,2,0,0
BRDA:45,2,1,0
BRDA:63,3,0,0
BRDA:63,3,1,0
BRDA:64,4,0,0
BRDA:64,4,1,0
BRF:10
BRH:0
end_of_record
TN:
SF:/Users/lighttimfire/Desktop/solar-budget/src/components/ModalUpdateLogin.js
FN:86,UpdateLoginModal
FN:91,(anonymous_1)
FN:91,(anonymous_2)
FN:96,onTypeLogin
FN:101,(anonymous_4)
FN:139,(anonymous_5)
FNF:6
FNH:0
FNDA:0,UpdateLoginModal
FNDA:0,(anonymous_1)
FNDA:0,(anonymous_2)
FNDA:0,onTypeLogin
FNDA:0,(anonymous_4)
FNDA:0,(anonymous_5)
DA:16,0
DA:90,0
DA:91,0
DA:92,0
DA:93,0
DA:94,0
DA:97,0
DA:98,0
DA:101,0
DA:102,0
DA:103,0
DA:105,0
DA:106,0
DA:107,0
DA:110,0
DA:114,0
DA:115,0
DA:118,0
DA:139,0
LF:19
LH:0
BRDA:102,0,0,0
BRDA:102,0,1,0
BRDA:105,1,0,0
BRDA:105,1,1,0
BRDA:132,2,0,0
BRDA:132,2,1,0
BRDA:138,3,0,0
BRDA:138,3,1,0
BRDA:144,4,0,0
BRDA:144,4,1,0
BRF:10
BRH:0
end_of_record
TN:
SF:/Users/lighttimfire/Desktop/solar-budget/src/components/ModalUpdatePassword.js
FN:89,UpdatePasswordModal
FN:94,(anonymous_1)
FN:94,(anonymous_2)
FN:102,onTypePassword
FN:107,onTypeRepeatedPassword
FN:112,(anonymous_5)
FN:143,(anonymous_6)
FN:171,(anonymous_7)
FN:188,(anonymous_8)
FNF:9
FNH:0
FNDA:0,UpdatePasswordModal
FNDA:0,(anonymous_1)
FNDA:0,(anonymous_2)
FNDA:0,onTypePassword
FNDA:0,onTypeRepeatedPassword
FNDA:0,(anonymous_5)
FNDA:0,(anonymous_6)
FNDA:0,(anonymous_7)
FNDA:0,(anonymous_8)
DA:19,0
DA:93,0
DA:94,0
DA:95,0
DA:96,0
DA:97,0
DA:99,0
DA:100,0
DA:103,0
DA:104,0
DA:108,0
DA:109,0
DA:112,0
DA:113,0
DA:114,0
DA:116,0
DA:117,0
DA:119,0
DA:120,0
DA:121,0
DA:124,0
DA:129,0
DA:130,0
DA:133,0
DA:137,0
DA:138,0
DA:139,0
DA:140,0
DA:143,0
DA:144,0
DA:145,0
DA:148,0
DA:171,0
DA:188,0
LF:34
LH:0
BRDA:113,0,0,0
BRDA:113,0,1,0
BRDA:116,1,0,0
BRDA:116,1,1,0
BRDA:119,2,0,0
BRDA:119,2,1,0
BRDA:119,3,0,0
BRDA:119,3,1,0
BRDA:124,4,0,0
BRDA:124,4,1,0
BRDA:125,5,0,0
BRDA:125,5,1,0
BRDA:125,5,2,0
BRDA:162,6,0,0
BRDA:162,6,1,0
BRDA:170,7,0,0
BRDA:170,7,1,0
BRDA:177,8,0,0
BRDA:177,8,1,0
BRDA:186,9,0,0
BRDA:186,9,1,0
BRDA:193,10,0,0
BRDA:193,10,1,0
BRF:23
BRH:0
end_of_record
TN:
SF:/Users/lighttimfire/Desktop/solar-budget/src/components/ModalValidatePassword.js
FN:86,ValidatePasswordModal
FN:92,(anonymous_1)
FN:92,(anonymous_2)
FN:97,onTypePassword
FN:102,(anonymous_4)
FN:146,(anonymous_5)
FNF:6
FNH:0
FNDA:0,ValidatePasswordModal
FNDA:0,(anonymous_1)
FNDA:0,(anonymous_2)
FNDA:0,onTypePassword
FNDA:0,(anonymous_4)
FNDA:0,(anonymous_5)
DA:16,0
DA:90,0
DA:92,0
DA:93,0
DA:94,0
DA:95,0
DA:98,0
DA:99,0
DA:102,0
DA:103,0
DA:104,0
DA:105,0
DA:108,0
DA:109,0
DA:115,0
DA:117,0
DA:120,0
DA:123,0
DA:146,0
LF:19
LH:0
BRDA:103,0,0,0
BRDA:103,0,1,0
BRDA:137,1,0,0
BRDA:137,1,1,0
BRDA:145,2,0,0
BRDA:145,2,1,0
BRDA:151,3,0,0
BRDA:151,3,1,0
BRF:8
BRH:0
end_of_record
TN:
SF:/Users/lighttimfire/Desktop/solar-budget/src/components/NumericBoard.js
FN:6,NumericBoard
FNF:1
FNH:0
FNDA:0,NumericBoard
DA:19,0
LF:1
LH:0
BRDA:75,0,0,0
BRDA:75,0,1,0
BRDA:84,1,0,0
BRDA:84,1,1,0
BRDA:90,2,0,0
BRDA:90,2,1,0
BRF:6
BRH:0
end_of_record
TN:
SF:/Users/lighttimfire/Desktop/solar-budget/src/components/NumericUnit.js
FN:9,NumericUnit
FNF:1
FNH:0
FNDA:0,NumericUnit
DA:18,0
LF:1
LH:0
BRDA:21,0,0,0
BRDA:21,0,1,0
BRDA:24,1,0,0
BRDA:24,1,1,0
BRDA:24,1,2,0
BRDA:25,2,0,0
BRDA:25,2,1,0
BRDA:25,2,2,0
BRDA:26,3,0,0
BRDA:26,3,1,0
BRDA:27,4,0,0
BRDA:27,4,1,0
BRF:12
BRH:0
end_of_record
TN:
SF:/Users/lighttimfire/Desktop/solar-budget/src/components/ButtonOpenModalRound.jsFN:31,ButtonOpenModalRound
FNF:1
FNH:0
FNDA:0,ButtonOpenModalRound
DA:7,0
DA:32,0
LF:2
LH:0
BRDA:36,0,0,0
BRDA:36,0,1,0
BRF:2
BRH:0
end_of_record
TN:
SF:/Users/lighttimfire/Desktop/solar-budget/src/components/FROZEN_OperationsContainerntainer.js
FN:24,FROZEN_OperationsContainer
FNF:1
FNH:0
FNDA:0,FROZEN_OperationsContainer
DA:6,0
DA:25,0
LF:2
LH:0
BRF:0
BRH:0
end_of_record
TN:
SF:/Users/lighttimfire/Desktop/solar-budget/src/components/FROZEN_ProgressBarressBar.js
FN:28,FROZEN_ProgressBar
FNF:1
FNH:0
FNDA:0,FROZEN_ProgressBar
DA:6,0
DA:33,0
LF:2
LH:0
BRDA:46,0,0,0
BRDA:46,0,1,0
BRF:2
BRH:0
end_of_record
TN:
SF:/Users/lighttimfire/Desktop/solar-budget/src/components/RatePair.js
FN:87,RatePair
FN:89,(anonymous_1)
FNF:2
FNH:0
FNDA:0,RatePair
FNDA:0,(anonymous_1)
DA:6,0
DA:88,0
DA:89,0
DA:90,0
LF:4
LH:0
BRDA:105,0,0,0
BRDA:105,0,1,0
BRF:2
BRH:0
end_of_record
TN:
SF:/Users/lighttimfire/Desktop/solar-budget/src/components/RatesContainer.js
FN:4,RatesContainer
FNF:1
FNH:0
FNDA:0,RatesContainer
DA:5,0
LF:1
LH:0
BRF:0
BRH:0
end_of_record
TN:
SF:/Users/lighttimfire/Desktop/solar-budget/src/components/Saldo.js
FN:28,Saldo
FNF:1
FNH:0
FNDA:0,Saldo
DA:6,0
DA:29,0
LF:2
LH:0
BRF:0
BRH:0
end_of_record
TN:
SF:/Users/lighttimfire/Desktop/solar-budget/src/components/SecondaryButton.js
FN:17,SecondaryButton
FNF:1
FNH:0
FNDA:0,SecondaryButton
DA:6,0
DA:25,0
LF:2
LH:0
BRDA:27,0,0,0
BRDA:27,0,1,0
BRF:2
BRH:0
end_of_record
TN:
SF:/Users/lighttimfire/Desktop/solar-budget/src/components/SecurePin.js
FN:38,SecurePin
FNF:1
FNH:0
FNDA:0,SecurePin
DA:6,0
DA:44,0
LF:2
LH:0
BRDA:47,0,0,0
BRDA:47,0,1,0
BRDA:50,1,0,0
BRDA:50,1,1,0
BRDA:55,2,0,0
BRDA:55,2,1,0
BRDA:62,3,0,0
BRDA:62,3,1,0
BRDA:67,4,0,0
BRDA:67,4,1,0
BRDA:72,5,0,0
BRDA:72,5,1,0
BRDA:77,6,0,0
BRDA:77,6,1,0
BRF:14
BRH:0
end_of_record
TN:
SF:/Users/lighttimfire/Desktop/solar-budget/src/components/HOCSideScreen.js
FN:61,withSideScreen
FN:63,(anonymous_1)
FN:103,(anonymous_2)
FNF:3
FNH:0
FNDA:0,withSideScreen
FNDA:0,(anonymous_1)
FNDA:0,(anonymous_2)
DA:21,0
DA:62,0
DA:63,0
DA:64,0
DA:68,0
DA:71,0
DA:104,0
LF:7
LH:0
BRF:0
BRH:0
end_of_record
TN:
SF:/Users/lighttimfire/Desktop/solar-budget/src/components/Slider.js
FN:37,Slider
FNF:1
FNH:0
FNDA:0,Slider
DA:9,0
DA:38,0
LF:2
LH:0
BRF:0
BRH:0
end_of_record
TN:
SF:/Users/lighttimfire/Desktop/solar-budget/src/components/Transaction.js
FN:69,Transaction
FNF:1
FNH:0
FNDA:0,Transaction
DA:13,0
DA:77,0
LF:2
LH:0
BRDA:94,0,0,0
BRDA:94,0,1,0
BRF:2
BRH:0
end_of_record
TN:
SF:/Users/lighttimfire/Desktop/solar-budget/src/components/ModalCreateTransaction.jsion.js
FN:222,ModalCreateTransaction
FN:227,(anonymous_1)
FN:228,(anonymous_2)
FN:229,(anonymous_3)
FN:229,(anonymous_4)
FN:246,(anonymous_5)
FN:246,(anonymous_6)
FN:258,timepicker
FN:271,datepicker
FN:282,onSelectPurpose
FN:287,(anonymous_10)
FN:299,(anonymous_11)
FN:300,(anonymous_12)
FN:314,(anonymous_13)
FN:341,(anonymous_14)
FN:378,(anonymous_15)
FN:409,(anonymous_16)
FN:427,(anonymous_17)
FN:441,(anonymous_18)
FN:480,(anonymous_19)
FNF:20
FNH:0
FNDA:0,ModalCreateTransaction
FNDA:0,(anonymous_1)
FNDA:0,(anonymous_2)
FNDA:0,(anonymous_3)
FNDA:0,(anonymous_4)
FNDA:0,(anonymous_5)
FNDA:0,(anonymous_6)
FNDA:0,timepicker
FNDA:0,datepicker
FNDA:0,onSelectPurpose
FNDA:0,(anonymous_10)
FNDA:0,(anonymous_11)
FNDA:0,(anonymous_12)
FNDA:0,(anonymous_13)
FNDA:0,(anonymous_14)
FNDA:0,(anonymous_15)
FNDA:0,(anonymous_16)
FNDA:0,(anonymous_17)
FNDA:0,(anonymous_18)
FNDA:0,(anonymous_19)
DA:35,0
DA:226,0
DA:227,0
DA:228,0
DA:229,0
DA:231,0
DA:232,0
DA:233,0
DA:235,0
DA:236,0
DA:237,0
DA:238,0
DA:241,0
DA:244,0
DA:246,0
DA:247,0
DA:248,0
DA:249,0
DA:250,0
DA:251,0
DA:253,0
DA:255,0
DA:259,0
DA:260,0
DA:265,0
DA:267,0
DA:272,0
DA:273,0
DA:276,0
DA:278,0
DA:283,0
DA:284,0
DA:287,0
DA:288,0
DA:289,0
DA:291,0
DA:292,0
DA:294,0
DA:295,0
DA:296,0
DA:298,0
DA:299,0
DA:300,0
DA:301,0
DA:303,0
DA:304,0
DA:305,0
DA:309,0
DA:313,0
DA:314,0
DA:315,0
DA:318,0
DA:332,0
DA:335,0
DA:336,0
DA:337,0
DA:340,0
DA:341,0
DA:342,0
DA:343,0
DA:347,0
DA:351,0
DA:378,0
DA:409,0
DA:427,0
DA:441,0
DA:480,0
LF:67
LH:0
BRDA:249,0,0,0
BRDA:249,0,1,0
BRDA:250,1,0,0
BRDA:250,1,1,0
BRDA:288,2,0,0
BRDA:288,2,1,0
BRDA:291,3,0,0
BRDA:291,3,1,0
BRDA:294,4,0,0
BRDA:294,4,1,0
BRDA:294,5,0,0
BRDA:294,5,1,0
BRDA:303,6,0,0
BRDA:303,6,1,0
BRDA:313,7,0,0
BRDA:313,7,1,0
BRDA:323,8,0,0
BRDA:323,8,1,0
BRDA:324,9,0,0
BRDA:324,9,1,0
BRDA:328,10,0,0
BRDA:328,10,1,0
BRDA:333,11,0,0
BRDA:333,11,1,0
BRDA:342,12,0,0
BRDA:342,12,1,0
BRDA:367,13,0,0
BRDA:367,13,1,0
BRDA:372,14,0,0
BRDA:372,14,1,0
BRDA:429,15,0,0
BRDA:429,15,1,0
BRDA:434,16,0,0
BRDA:434,16,1,0
BRDA:443,17,0,0
BRDA:443,17,1,0
BRDA:448,18,0,0
BRDA:448,18,1,0
BRDA:458,19,0,0
BRDA:458,19,1,0
BRDA:465,20,0,0
BRDA:465,20,1,0
BRDA:466,21,0,0
BRDA:466,21,1,0
BRDA:488,22,0,0
BRDA:488,22,1,0
BRF:46
BRH:0
end_of_record
TN:
SF:/Users/lighttimfire/Desktop/solar-budget/src/constants/colorLiterals.js
FNF:0
FNH:0
DA:1,0
DA:2,0
DA:3,0
DA:4,0
DA:5,0
DA:6,0
DA:7,0
DA:8,0
LF:8
LH:0
BRF:0
BRH:0
end_of_record
TN:
SF:/Users/lighttimfire/Desktop/solar-budget/src/navigation/root.js
FN:11,RootProvider
FN:18,(anonymous_1)
FNF:2
FNH:0
FNDA:0,RootProvider
FNDA:0,(anonymous_1)
DA:12,0
DA:19,0
DA:28,0
LF:3
LH:0
BRF:0
BRH:0
end_of_record
TN:
SF:/Users/lighttimfire/Desktop/solar-budget/src/navigation/routes.js
FN:29,(anonymous_0)
FN:37,(anonymous_1)
FN:176,(anonymous_2)
FN:185,(anonymous_3)
FN:194,(anonymous_4)
FN:203,(anonymous_5)
FNF:6
FNH:0
FNDA:0,(anonymous_0)
FNDA:0,(anonymous_1)
FNDA:0,(anonymous_2)
FNDA:0,(anonymous_3)
FNDA:0,(anonymous_4)
FNDA:0,(anonymous_5)
DA:29,0
DA:30,0
DA:38,0
DA:40,0
DA:41,0
DA:42,0
DA:45,0
DA:47,0
DA:52,0
DA:57,0
DA:62,0
DA:67,0
DA:68,0
DA:72,0
DA:74,0
DA:75,0
DA:76,0
DA:81,0
DA:113,0
DA:128,0
DA:143,0
DA:170,0
DA:177,0
DA:186,0
DA:195,0
DA:204,0
DA:228,0
DA:268,0
LF:28
LH:0
BRDA:45,0,0,0
BRDA:45,0,1,0
BRDA:74,1,0,0
BRDA:74,1,1,0
BRDA:75,2,0,0
BRDA:75,2,1,0
BRDA:177,3,0,0
BRDA:177,3,1,0
BRDA:186,4,0,0
BRDA:186,4,1,0
BRDA:195,5,0,0
BRDA:195,5,1,0
BRDA:204,6,0,0
BRDA:204,6,1,0
BRF:14
BRH:0
end_of_record
TN:
SF:/Users/lighttimfire/Desktop/solar-budget/src/navigation/service.js
FN:6,setTopLevelNavigator
FN:10,navigate
FN:19,goBack
FN:23,replaceTo
FNF:4
FNH:0
FNDA:0,setTopLevelNavigator
FNDA:0,navigate
FNDA:0,goBack
FNDA:0,replaceTo
DA:7,0
DA:11,0
DA:20,0
DA:24,0
LF:4
LH:0
BRDA:10,0,0,0
BRDA:23,1,0,0
BRDA:23,2,0,0
BRF:3
BRH:0
end_of_record
TN:
SF:/Users/lighttimfire/Desktop/solar-budget/src/redux/index.js
FNF:0
FNH:0
DA:7,0
DA:9,0
DA:15,0
DA:16,0
DA:17,0
DA:34,0
LF:6
LH:0
BRF:0
BRH:0
end_of_record
TN:
SF:/Users/lighttimfire/Desktop/solar-budget/src/redux/reducers.js
FNF:0
FNH:0
LF:0
LH:0
BRF:0
BRH:0
end_of_record
TN:
SF:/Users/lighttimfire/Desktop/solar-budget/src/redux/features/billFeatureSlice.js
FN:7,(anonymous_0)
FN:10,(anonymous_1)
FN:11,(anonymous_2)
FN:23,(anonymous_3)
FN:25,(anonymous_4)
FN:31,(anonymous_5)
FNF:6
FNH:4
FNDA:1,(anonymous_0)
FNDA:0,(anonymous_1)
FNDA:0,(anonymous_2)
FNDA:1,(anonymous_3)
FNDA:2,(anonymous_4)
FNDA:2,(anonymous_5)
DA:3,1
DA:8,1
DA:11,0
DA:12,0
DA:13,0
DA:14,0
DA:17,0
DA:20,0
DA:24,1
DA:25,1
DA:26,2
DA:27,1
DA:29,2
DA:31,1
DA:32,2
DA:33,1
DA:35,2
DA:41,1
LF:18
LH:12
BRDA:12,0,0,0
BRDA:12,0,1,0
BRDA:13,1,0,0
BRDA:13,1,1,0
BRDA:26,2,0,1
BRDA:26,2,1,1
BRDA:26,3,0,2
BRDA:26,3,1,1
BRDA:32,4,0,1
BRDA:32,4,1,1
BRF:10
BRH:6
end_of_record
TN:
SF:/Users/lighttimfire/Desktop/solar-budget/src/redux/features/rateFeatureSlice.js
FN:7,(anonymous_0)
FN:10,(anonymous_1)
FN:12,(anonymous_2)
FNF:3
FNH:2
FNDA:1,(anonymous_0)
FNDA:1,(anonymous_1)
FNDA:0,(anonymous_2)
DA:3,1
DA:8,1
DA:11,1
DA:12,1
DA:17,1
LF:5
LH:5
BRDA:12,0,0,0
BRDA:12,0,1,0
BRF:2
BRH:0
end_of_record
TN:
SF:/Users/lighttimfire/Desktop/solar-budget/src/redux/features/rehydrateFeatureSlice.js
FN:10,(anonymous_0)
FNF:1
FNH:0
FNDA:0,(anonymous_0)
DA:3,0
DA:11,0
LF:2
LH:0
BRF:0
BRH:0
end_of_record
TN:
SF:/Users/lighttimfire/Desktop/solar-budget/src/redux/features/settingsFeatureSlice.js
FNF:0
FNH:0
DA:3,0
LF:1
LH:0
BRF:0
BRH:0
end_of_record
TN:
SF:/Users/lighttimfire/Desktop/solar-budget/src/redux/features/targetFeatureSlice.js
FN:7,(anonymous_0)
FN:10,(anonymous_1)
FN:13,(anonymous_2)
FN:19,(anonymous_3)
FN:26,(anonymous_4)
FN:27,(anonymous_5)
FNF:6
FNH:4
FNDA:1,(anonymous_0)
FNDA:1,(anonymous_1)
FNDA:2,(anonymous_2)
FNDA:2,(anonymous_3)
FNDA:0,(anonymous_4)
FNDA:0,(anonymous_5)
DA:3,1
DA:8,1
DA:11,1
DA:13,1
DA:14,2
DA:15,1
DA:17,2
DA:19,1
DA:20,2
DA:21,1
DA:23,2
DA:27,0
DA:28,0
DA:29,0
DA:30,0
DA:33,0
DA:43,1
LF:17
LH:12
BRDA:14,0,0,1
BRDA:14,0,1,1
BRDA:14,1,0,2
BRDA:14,1,1,1
BRDA:20,2,0,1
BRDA:20,2,1,1
BRDA:28,3,0,0
BRDA:28,3,1,0
BRF:8
BRH:6
end_of_record
TN:
SF:/Users/lighttimfire/Desktop/solar-budget/src/redux/features/userFeatureSlice.js
FN:11,(anonymous_0)
FN:16,(anonymous_1)
FN:28,(anonymous_2)
FN:43,(anonymous_3)
FN:45,(anonymous_4)
FN:53,(anonymous_5)
FN:55,(anonymous_6)
FN:68,(anonymous_7)
FN:79,(anonymous_8)
FN:82,(anonymous_9)
FN:88,(anonymous_10)
FN:98,(anonymous_11)
FN:100,(anonymous_12)
FN:107,(anonymous_13)
FN:109,(anonymous_14)
FN:116,(anonymous_15)
FN:118,(anonymous_16)
FN:128,(anonymous_17)
FN:130,(anonymous_18)
FN:140,(anonymous_19)
FN:142,(anonymous_20)
FN:149,(anonymous_21)
FN:151,(anonymous_22)
FN:158,(anonymous_23)
FN:160,(anonymous_24)
FN:168,(anonymous_25)
FN:171,(anonymous_26)
FN:176,(anonymous_27)
FN:186,(anonymous_28)
FN:188,(anonymous_29)
FN:195,(anonymous_30)
FN:197,(anonymous_31)
FN:205,(anonymous_32)
FN:207,(anonymous_33)
FN:217,(anonymous_34)
FN:221,(anonymous_35)
FN:226,(anonymous_36)
FN:230,(anonymous_37)
FNF:38
FNH:11
FNDA:2,(anonymous_0)
FNDA:1,(anonymous_1)
FNDA:1,(anonymous_2)
FNDA:2,(anonymous_3)
FNDA:3,(anonymous_4)
FNDA:2,(anonymous_5)
FNDA:2,(anonymous_6)
FNDA:3,(anonymous_7)
FNDA:2,(anonymous_8)
FNDA:2,(anonymous_9)
FNDA:3,(anonymous_10)
FNDA:0,(anonymous_11)
FNDA:0,(anonymous_12)
FNDA:0,(anonymous_13)
FNDA:0,(anonymous_14)
FNDA:0,(anonymous_15)
FNDA:0,(anonymous_16)
FNDA:0,(anonymous_17)
FNDA:0,(anonymous_18)
FNDA:0,(anonymous_19)
FNDA:0,(anonymous_20)
FNDA:0,(anonymous_21)
FNDA:0,(anonymous_22)
FNDA:0,(anonymous_23)
FNDA:0,(anonymous_24)
FNDA:0,(anonymous_25)
FNDA:0,(anonymous_26)
FNDA:0,(anonymous_27)
FNDA:0,(anonymous_28)
FNDA:0,(anonymous_29)
FNDA:0,(anonymous_30)
FNDA:0,(anonymous_31)
FNDA:0,(anonymous_32)
FNDA:0,(anonymous_33)
FNDA:0,(anonymous_34)
FNDA:0,(anonymous_35)
FNDA:0,(anonymous_36)
FNDA:0,(anonymous_37)
DA:4,1
DA:5,1
DA:7,1
DA:12,2
DA:14,2
DA:15,2
DA:16,1
DA:18,2
DA:19,0
DA:22,2
DA:24,2
DA:28,2
DA:29,2
DA:44,2
DA:45,2
DA:46,3
DA:47,2
DA:49,1
DA:54,2
DA:55,2
DA:57,2
DA:58,0
DA:61,2
DA:67,2
DA:68,2
DA:69,3
DA:70,0
DA:72,3
DA:73,2
DA:75,1
DA:80,2
DA:81,2
DA:82,2
DA:84,2
DA:85,0
DA:88,2
DA:89,3
DA:90,0
DA:92,3
DA:93,2
DA:95,1
DA:99,0
DA:100,0
DA:101,0
DA:102,0
DA:104,0
DA:108,0
DA:109,0
DA:110,0
DA:111,0
DA:113,0
DA:117,0
DA:118,0
DA:119,0
DA:120,0
DA:122,0
DA:123,0
DA:125,0
DA:129,0
DA:130,0
DA:131,0
DA:132,0
DA:134,0
DA:135,0
DA:137,0
DA:141,0
DA:142,0
DA:143,0
DA:144,0
DA:146,0
DA:150,0
DA:151,0
DA:152,0
DA:153,0
DA:155,0
DA:159,0
DA:160,0
DA:161,0
DA:162,0
DA:163,0
DA:165,0
DA:169,0
DA:170,0
DA:171,0
DA:173,0
DA:174,0
DA:176,0
DA:177,0
DA:178,0
DA:179,0
DA:181,0
DA:183,0
DA:187,0
DA:188,0
DA:189,0
DA:190,0
DA:192,0
DA:196,0
DA:197,0
DA:198,0
DA:200,0
DA:201,0
DA:203,0
DA:206,0
DA:207,0
DA:208,0
DA:209,0
DA:211,0
DA:217,1
DA:221,0
DA:222,0
DA:223,0
DA:226,1
DA:230,0
DA:231,0
DA:232,0
DA:251,1
LF:117
LH:39
BRDA:15,0,0,1
BRDA:15,0,1,1
BRDA:18,1,0,0
BRDA:18,1,1,2
BRDA:22,2,0,2
BRDA:22,2,1,0
BRDA:24,3,0,2
BRDA:24,3,1,0
BRDA:46,4,0,2
BRDA:46,4,1,1
BRDA:57,5,0,0
BRDA:57,5,1,2
BRDA:61,6,0,2
BRDA:61,6,1,0
BRDA:67,7,0,2
BRDA:67,7,1,0
BRDA:69,8,0,0
BRDA:69,8,1,3
BRDA:72,9,0,2
BRDA:72,9,1,1
BRDA:82,10,0,2
BRDA:82,10,1,2
BRDA:84,11,0,0
BRDA:84,11,1,2
BRDA:89,12,0,0
BRDA:89,12,1,3
BRDA:92,13,0,2
BRDA:92,13,1,1
BRDA:101,14,0,0
BRDA:101,14,1,0
BRDA:110,15,0,0
BRDA:110,15,1,0
BRDA:119,16,0,0
BRDA:119,16,1,0
BRDA:122,17,0,0
BRDA:122,17,1,0
BRDA:131,18,0,0
BRDA:131,18,1,0
BRDA:134,19,0,0
BRDA:134,19,1,0
BRDA:143,20,0,0
BRDA:143,20,1,0
BRDA:152,21,0,0
BRDA:152,21,1,0
BRDA:161,22,0,0
BRDA:161,22,1,0
BRDA:171,23,0,0
BRDA:171,23,1,0
BRDA:173,24,0,0
BRDA:173,24,1,0
BRDA:177,25,0,0
BRDA:177,25,1,0
BRDA:178,26,0,0
BRDA:178,26,1,0
BRDA:189,27,0,0
BRDA:189,27,1,0
BRDA:198,28,0,0
BRDA:198,28,1,0
BRDA:200,29,0,0
BRDA:200,29,1,0
BRDA:208,30,0,0
BRDA:208,30,1,0
BRF:62
BRH:19
end_of_record
TN:
SF:/Users/lighttimfire/Desktop/solar-budget/src/redux/features/walletFeatureSlice.js
FN:7,(anonymous_0)
FNF:1
FNH:1
FNDA:1,(anonymous_0)
DA:3,1
DA:8,1
DA:13,1
LF:3
LH:3
BRF:0
BRH:0
end_of_record
TN:
SF:/Users/lighttimfire/Desktop/solar-budget/src/screens/AcceptPin.js
FN:55,AcceptPinCode
FN:56,(anonymous_1)
FN:57,(anonymous_2)
FN:62,(anonymous_3)
FN:64,(anonymous_4)
FN:64,(anonymous_5)
FN:94,(anonymous_6)
FNF:7
FNH:0
FNDA:0,AcceptPinCode
FNDA:0,(anonymous_1)
FNDA:0,(anonymous_2)
FNDA:0,(anonymous_3)
FNDA:0,(anonymous_4)
FNDA:0,(anonymous_5)
FNDA:0,(anonymous_6)
DA:11,0
DA:56,0
DA:57,0
DA:59,0
DA:61,0
DA:62,0
DA:64,0
DA:65,0
DA:66,0
DA:67,0
DA:69,0
DA:72,0
DA:73,0
DA:74,0
DA:75,0
DA:76,0
DA:79,0
DA:82,0
DA:94,0
LF:19
LH:0
BRDA:66,0,0,0
BRDA:66,0,1,0
BRDA:72,1,0,0
BRDA:72,1,1,0
BRDA:74,2,0,0
BRDA:74,2,1,0
BRF:6
BRH:0
end_of_record
TN:
SF:/Users/lighttimfire/Desktop/solar-budget/src/screens/ChangePinCode.js
FN:59,ChangePinCode
FN:63,(anonymous_1)
FN:63,(anonymous_2)
FN:70,(anonymous_3)
FN:72,(anonymous_4)
FN:72,(anonymous_5)
FN:112,(anonymous_6)
FNF:7
FNH:0
FNDA:0,ChangePinCode
FNDA:0,(anonymous_1)
FNDA:0,(anonymous_2)
FNDA:0,(anonymous_3)
FNDA:0,(anonymous_4)
FNDA:0,(anonymous_5)
FNDA:0,(anonymous_6)
DA:15,0
DA:60,0
DA:61,0
DA:63,0
DA:64,0
DA:68,0
DA:70,0
DA:72,0
DA:73,0
DA:74,0
DA:75,0
DA:76,0
DA:78,0
DA:81,0
DA:82,0
DA:83,0
DA:84,0
DA:85,0
DA:87,0
DA:89,0
DA:93,0
DA:95,0
DA:98,0
DA:112,0
LF:24
LH:0
BRDA:73,0,0,0
BRDA:73,0,1,0
BRDA:75,1,0,0
BRDA:75,1,1,0
BRDA:81,2,0,0
BRDA:81,2,1,0
BRDA:83,3,0,0
BRDA:83,3,1,0
BRDA:105,4,0,0
BRDA:105,4,1,0
BRF:10
BRH:0
end_of_record
TN:
SF:/Users/lighttimfire/Desktop/solar-budget/src/screens/CreatePin.js
FN:55,CreatePinCode
FN:59,(anonymous_1)
FN:61,(anonymous_2)
FN:61,(anonymous_3)
FN:93,(anonymous_4)
FNF:5
FNH:0
FNDA:0,CreatePinCode
FNDA:0,(anonymous_1)
FNDA:0,(anonymous_2)
FNDA:0,(anonymous_3)
FNDA:0,(anonymous_4)
DA:11,0
DA:56,0
DA:58,0
DA:59,0
DA:61,0
DA:62,0
DA:63,0
DA:64,0
DA:65,0
DA:67,0
DA:70,0
DA:71,0
DA:72,0
DA:73,0
DA:74,0
DA:75,0
DA:77,0
DA:81,0
DA:93,0
LF:19
LH:0
BRDA:62,0,0,0
BRDA:62,0,1,0
BRDA:64,1,0,0
BRDA:64,1,1,0
BRDA:70,2,0,0
BRDA:70,2,1,0
BRF:6
BRH:0
end_of_record
TN:
SF:/Users/lighttimfire/Desktop/solar-budget/src/screens/Creation.js
FN:70,Creation
FN:78,(anonymous_1)
FN:80,(anonymous_2)
FN:97,(anonymous_3)
FN:98,(anonymous_4)
FN:121,(anonymous_5)
FN:131,(anonymous_6)
FN:141,(anonymous_7)
FN:147,(anonymous_8)
FNF:9
FNH:0
FNDA:0,Creation
FNDA:0,(anonymous_1)
FNDA:0,(anonymous_2)
FNDA:0,(anonymous_3)
FNDA:0,(anonymous_4)
FNDA:0,(anonymous_5)
FNDA:0,(anonymous_6)
FNDA:0,(anonymous_7)
FNDA:0,(anonymous_8)
DA:21,0
DA:71,0
DA:73,0
DA:74,0
DA:75,0
DA:76,0
DA:78,0
DA:79,0
DA:80,0
DA:81,0
DA:82,0
DA:88,0
DA:95,0
DA:97,0
DA:98,0
DA:99,0
DA:100,0
DA:121,0
DA:131,0
DA:141,0
DA:147,0
LF:21
LH:0
BRDA:79,0,0,0
BRDA:79,0,1,0
BRDA:79,0,2,0
BRDA:81,1,0,0
BRDA:81,1,1,0
BRDA:98,2,0,0
BRDA:103,3,0,0
BRDA:103,3,1,0
BRF:8
BRH:0
end_of_record
TN:
SF:/Users/lighttimfire/Desktop/solar-budget/src/screens/Fingerprint.js
FN:62,AddFingerprint
FN:64,(anonymous_1)
FN:64,(anonymous_2)
FN:67,(anonymous_3)
FN:69,(anonymous_4)
FN:71,(anonymous_5)
FN:74,(anonymous_6)
FN:100,(anonymous_7)
FN:105,(anonymous_8)
FN:136,(anonymous_9)
FNF:10
FNH:0
FNDA:0,AddFingerprint
FNDA:0,(anonymous_1)
FNDA:0,(anonymous_2)
FNDA:0,(anonymous_3)
FNDA:0,(anonymous_4)
FNDA:0,(anonymous_5)
FNDA:0,(anonymous_6)
FNDA:0,(anonymous_7)
FNDA:0,(anonymous_8)
FNDA:0,(anonymous_9)
DA:15,0
DA:63,0
DA:64,0
DA:65,0
DA:67,0
DA:69,0
DA:70,0
DA:71,0
DA:74,0
DA:75,0
DA:76,0
DA:77,0
DA:78,0
DA:83,0
DA:85,0
DA:92,0
DA:100,0
DA:101,0
DA:102,0
DA:103,0
DA:104,0
DA:105,0
DA:106,0
DA:109,0
DA:117,0
DA:136,0
LF:26
LH:0
BRDA:75,0,0,0
BRDA:75,0,1,0
BRDA:102,1,0,0
BRDA:102,1,1,0
BRF:4
BRH:0
end_of_record
TN:
SF:/Users/lighttimfire/Desktop/solar-budget/src/screens/ForgotPassword.js
FN:73,LoginCredentials
FN:74,(anonymous_1)
FN:80,(anonymous_2)
FN:89,(anonymous_3)
FN:93,(anonymous_4)
FN:102,(anonymous_5)
FN:121,(anonymous_6)
FN:123,(anonymous_7)
FN:130,(anonymous_8)
FN:133,(anonymous_9)
FN:144,(anonymous_10)
FN:145,(anonymous_11)
FN:183,(anonymous_12)
FNF:13
FNH:0
FNDA:0,LoginCredentials
FNDA:0,(anonymous_1)
FNDA:0,(anonymous_2)
FNDA:0,(anonymous_3)
FNDA:0,(anonymous_4)
FNDA:0,(anonymous_5)
FNDA:0,(anonymous_6)
FNDA:0,(anonymous_7)
FNDA:0,(anonymous_8)
FNDA:0,(anonymous_9)
FNDA:0,(anonymous_10)
FNDA:0,(anonymous_11)
FNDA:0,(anonymous_12)
DA:25,0
DA:74,0
DA:75,0
DA:76,0
DA:78,0
DA:79,0
DA:80,0
DA:83,0
DA:89,0
DA:90,0
DA:91,0
DA:92,0
DA:93,0
DA:95,0
DA:96,0
DA:97,0
DA:102,0
DA:103,0
DA:106,0
DA:108,0
DA:109,0
DA:111,0
DA:112,0
DA:117,0
DA:121,0
DA:122,0
DA:123,0
DA:124,0
DA:125,0
DA:128,0
DA:130,0
DA:131,0
DA:132,0
DA:133,0
DA:134,0
DA:140,0
DA:144,0
DA:145,0
DA:146,0
DA:147,0
DA:183,0
LF:41
LH:0
BRDA:91,0,0,0
BRDA:91,0,1,0
BRDA:93,1,0,0
BRDA:93,1,1,0
BRDA:95,2,0,0
BRDA:95,2,1,0
BRDA:145,3,0,0
BRDA:150,4,0,0
BRDA:150,4,1,0
BRDA:157,5,0,0
BRDA:157,5,1,0
BRDA:162,6,0,0
BRDA:162,6,1,0
BRDA:173,7,0,0
BRDA:173,7,1,0
BRDA:179,8,0,0
BRDA:179,8,1,0
BRDA:189,9,0,0
BRDA:189,9,1,0
BRDA:194,10,0,0
BRDA:194,10,1,0
BRF:21
BRH:0
end_of_record
TN:
SF:/Users/lighttimfire/Desktop/solar-budget/src/screens/LoginCredentials.js
FN:80,LoginCredentials
FN:87,(anonymous_1)
FN:102,(anonymous_2)
FN:103,(anonymous_3)
FN:118,(anonymous_4)
FN:129,(anonymous_5)
FN:139,(anonymous_6)
FN:147,(anonymous_7)
FNF:8
FNH:0
FNDA:0,LoginCredentials
FNDA:0,(anonymous_1)
FNDA:0,(anonymous_2)
FNDA:0,(anonymous_3)
FNDA:0,(anonymous_4)
FNDA:0,(anonymous_5)
FNDA:0,(anonymous_6)
FNDA:0,(anonymous_7)
DA:22,0
DA:81,0
DA:83,0
DA:84,0
DA:85,0
DA:87,0
DA:88,0
DA:89,0
DA:90,0
DA:91,0
DA:94,0
DA:99,0
DA:102,0
DA:103,0
DA:104,0
DA:118,0
DA:129,0
DA:139,0
DA:147,0
LF:19
LH:0
BRDA:89,0,0,0
BRDA:89,0,1,0
BRDA:89,1,0,0
BRDA:89,1,1,0
BRDA:107,2,0,0
BRDA:107,2,1,0
BRF:6
BRH:0
end_of_record
TN:
SF:/Users/lighttimfire/Desktop/solar-budget/src/screens/LoginPin.js
FN:86,LoginPinCode
FN:89,(anonymous_1)
FN:90,(anonymous_2)
FN:100,(anonymous_3)
FN:101,(anonymous_4)
FN:103,(anonymous_5)
FN:103,(anonymous_6)
FN:127,(anonymous_7)
FN:144,(anonymous_8)
FN:149,(anonymous_9)
FN:177,(anonymous_10)
FN:190,(anonymous_11)
FN:195,(anonymous_12)
FNF:13
FNH:0
FNDA:0,LoginPinCode
FNDA:0,(anonymous_1)
FNDA:0,(anonymous_2)
FNDA:0,(anonymous_3)
FNDA:0,(anonymous_4)
FNDA:0,(anonymous_5)
FNDA:0,(anonymous_6)
FNDA:0,(anonymous_7)
FNDA:0,(anonymous_8)
FNDA:0,(anonymous_9)
FNDA:0,(anonymous_10)
FNDA:0,(anonymous_11)
FNDA:0,(anonymous_12)
DA:20,0
DA:87,0
DA:89,0
DA:90,0
DA:92,0
DA:93,0
DA:95,0
DA:98,0
DA:99,0
DA:100,0
DA:101,0
DA:103,0
DA:104,0
DA:105,0
DA:106,0
DA:107,0
DA:109,0
DA:112,0
DA:113,0
DA:114,0
DA:115,0
DA:116,0
DA:118,0
DA:123,0
DA:127,0
DA:128,0
DA:129,0
DA:134,0
DA:136,0
DA:144,0
DA:145,0
DA:146,0
DA:147,0
DA:148,0
DA:149,0
DA:150,0
DA:153,0
DA:161,0
DA:177,0
DA:190,0
DA:195,0
LF:41
LH:0
BRDA:92,0,0,0
BRDA:92,0,1,0
BRDA:104,1,0,0
BRDA:104,1,1,0
BRDA:106,2,0,0
BRDA:106,2,1,0
BRDA:112,3,0,0
BRDA:112,3,1,0
BRDA:128,4,0,0
BRDA:128,4,1,0
BRDA:146,5,0,0
BRDA:146,5,1,0
BRF:12
BRH:0
end_of_record
TN:
SF:/Users/lighttimfire/Desktop/solar-budget/src/screens/Rates.js
FN:48,Rates
FN:49,(anonymous_1)
FN:50,(anonymous_2)
FN:50,(anonymous_3)
FN:51,(anonymous_4)
FN:54,(anonymous_5)
FN:66,(anonymous_6)
FN:74,(anonymous_7)
FNF:8
FNH:0
FNDA:0,Rates
FNDA:0,(anonymous_1)
FNDA:0,(anonymous_2)
FNDA:0,(anonymous_3)
FNDA:0,(anonymous_4)
FNDA:0,(anonymous_5)
FNDA:0,(anonymous_6)
FNDA:0,(anonymous_7)
DA:13,0
DA:49,0
DA:50,0
DA:51,0
DA:53,0
DA:54,0
DA:55,0
DA:67,0
DA:74,0
LF:9
LH:0
BRDA:62,0,0,0
BRDA:62,0,1,0
BRF:2
BRH:0
end_of_record
TN:
SF:/Users/lighttimfire/Desktop/solar-budget/src/screens/SelectAccount.js
FN:78,SelectAccount
FN:80,(anonymous_1)
FN:83,(anonymous_2)
FN:84,(anonymous_3)
FN:86,(anonymous_4)
FN:86,(anonymous_5)
FN:91,renderAccounts
FN:92,(anonymous_7)
FNF:8
FNH:0
FNDA:0,SelectAccount
FNDA:0,(anonymous_1)
FNDA:0,(anonymous_2)
FNDA:0,(anonymous_3)
FNDA:0,(anonymous_4)
FNDA:0,(anonymous_5)
FNDA:0,renderAccounts
FNDA:0,(anonymous_7)
DA:21,0
DA:79,0
DA:80,0
DA:81,0
DA:83,0
DA:84,0
DA:86,0
DA:87,0
DA:88,0
DA:92,0
DA:93,0
DA:122,0
LF:12
LH:0
BRDA:107,0,0,0
BRDA:107,0,1,0
BRDA:109,1,0,0
BRDA:109,1,1,0
BRF:4
BRH:0
end_of_record
TN:
SF:/Users/lighttimfire/Desktop/solar-budget/src/screens/Settings.js
FN:86,Settings
FN:89,(anonymous_1)
FN:89,(anonymous_2)
FN:97,(anonymous_3)
FN:103,(anonymous_4)
FN:107,(anonymous_5)
FN:110,(anonymous_6)
FN:113,(anonymous_7)
FN:131,(anonymous_8)
FN:136,(anonymous_9)
FN:137,(anonymous_10)
FN:202,(anonymous_11)
FNF:12
FNH:0
FNDA:0,Settings
FNDA:0,(anonymous_1)
FNDA:0,(anonymous_2)
FNDA:0,(anonymous_3)
FNDA:0,(anonymous_4)
FNDA:0,(anonymous_5)
FNDA:0,(anonymous_6)
FNDA:0,(anonymous_7)
FNDA:0,(anonymous_8)
FNDA:0,(anonymous_9)
FNDA:0,(anonymous_10)
FNDA:0,(anonymous_11)
DA:29,0
DA:87,0
DA:88,0
DA:89,0
DA:90,0
DA:91,0
DA:93,0
DA:97,0
DA:98,0
DA:99,0
DA:103,0
DA:104,0
DA:106,0
DA:107,0
DA:109,0
DA:110,0
DA:111,0
DA:113,0
DA:114,0
DA:115,0
DA:116,0
DA:122,0
DA:128,0
DA:131,0
DA:132,0
DA:133,0
DA:136,0
DA:137,0
DA:138,0
DA:202,0
LF:30
LH:0
BRDA:98,0,0,0
BRDA:98,0,1,0
BRDA:115,1,0,0
BRDA:115,1,1,0
BRF:4
BRH:0
end_of_record
TN:
SF:/Users/lighttimfire/Desktop/solar-budget/src/screens/Stats.js
FN:64,Statistics
FNF:1
FNH:0
FNDA:0,Statistics
DA:16,0
DA:65,0
LF:2
LH:0
BRF:0
BRH:0
end_of_record
TN:
SF:/Users/lighttimfire/Desktop/solar-budget/src/screens/Targets.js
FN:45,Targets
FN:48,(anonymous_1)
FN:49,(anonymous_2)
FN:49,(anonymous_3)
FN:50,(anonymous_4)
FN:56,(anonymous_5)
FN:64,(anonymous_6)
FN:66,(anonymous_7)
FN:97,(anonymous_8)
FN:107,(anonymous_9)
FNF:10
FNH:0
FNDA:0,Targets
FNDA:0,(anonymous_1)
FNDA:0,(anonymous_2)
FNDA:0,(anonymous_3)
FNDA:0,(anonymous_4)
FNDA:0,(anonymous_5)
FNDA:0,(anonymous_6)
FNDA:0,(anonymous_7)
FNDA:0,(anonymous_8)
FNDA:0,(anonymous_9)
DA:11,0
DA:46,0
DA:48,0
DA:49,0
DA:50,0
DA:54,0
DA:55,0
DA:56,0
DA:57,0
DA:58,0
DA:60,0
DA:63,0
DA:64,0
DA:66,0
DA:67,0
DA:69,0
DA:98,0
DA:107,0
LF:18
LH:0
BRDA:55,0,0,0
BRDA:55,0,1,0
BRDA:81,1,0,0
BRDA:81,1,1,0
BRDA:86,2,0,0
BRDA:86,2,1,0
BRDA:86,2,2,0
BRDA:92,3,0,0
BRDA:92,3,1,0
BRF:9
BRH:0
end_of_record
TN:
SF:/Users/lighttimfire/Desktop/solar-budget/src/screens/ValidatePinCode.js
FN:59,ValidatePinCode
FN:61,(anonymous_1)
FN:65,(anonymous_2)
FN:67,(anonymous_3)
FN:67,(anonymous_4)
FN:75,(anonymous_5)
FN:85,(anonymous_6)
FN:86,(anonymous_7)
FN:122,(anonymous_8)
FNF:9
FNH:0
FNDA:0,ValidatePinCode
FNDA:0,(anonymous_1)
FNDA:0,(anonymous_2)
FNDA:0,(anonymous_3)
FNDA:0,(anonymous_4)
FNDA:0,(anonymous_5)
FNDA:0,(anonymous_6)
FNDA:0,(anonymous_7)
FNDA:0,(anonymous_8)
DA:13,0
DA:15,0
DA:60,0
DA:61,0
DA:62,0
DA:64,0
DA:65,0
DA:67,0
DA:68,0
DA:69,0
DA:70,0
DA:72,0
DA:75,0
DA:76,0
DA:77,0
DA:78,0
DA:79,0
DA:80,0
DA:85,0
DA:86,0
DA:87,0
DA:88,0
DA:91,0
DA:96,0
DA:99,0
DA:104,0
DA:108,0
DA:110,0
DA:122,0
LF:29
LH:0
BRDA:69,0,0,0
BRDA:69,0,1,0
BRDA:108,1,0,0
BRDA:108,1,1,0
BRF:4
BRH:0
end_of_record
TN:
SF:/Users/lighttimfire/Desktop/solar-budget/src/screens/Wallet.js
FN:50,Wallet
FN:52,(anonymous_1)
FN:53,(anonymous_2)
FN:53,(anonymous_3)
FN:54,(anonymous_4)
FN:55,(anonymous_5)
FN:61,(anonymous_6)
FN:72,(anonymous_7)
FN:77,(anonymous_8)
FN:80,(anonymous_9)
FN:82,(anonymous_10)
FN:114,(anonymous_11)
FN:124,(anonymous_12)
FNF:13
FNH:0
FNDA:0,Wallet
FNDA:0,(anonymous_1)
FNDA:0,(anonymous_2)
FNDA:0,(anonymous_3)
FNDA:0,(anonymous_4)
FNDA:0,(anonymous_5)
FNDA:0,(anonymous_6)
FNDA:0,(anonymous_7)
FNDA:0,(anonymous_8)
FNDA:0,(anonymous_9)
FNDA:0,(anonymous_10)
FNDA:0,(anonymous_11)
FNDA:0,(anonymous_12)
DA:15,0
DA:51,0
DA:52,0
DA:53,0
DA:54,0
DA:55,0
DA:60,0
DA:61,0
DA:62,0
DA:64,0
DA:68,0
DA:69,0
DA:70,0
DA:71,0
DA:72,0
DA:76,0
DA:77,0
DA:78,0
DA:79,0
DA:80,0
DA:82,0
DA:83,0
DA:85,0
DA:115,0
DA:124,0
LF:25
LH:0
BRDA:60,0,0,0
BRDA:60,0,1,0
BRDA:69,1,0,0
BRDA:69,1,1,0
BRDA:98,2,0,0
BRDA:98,2,1,0
BRDA:104,3,0,0
BRDA:104,3,1,0
BRDA:104,3,2,0
BRDA:110,4,0,0
BRDA:110,4,1,0
BRDA:110,5,0,0
BRDA:110,5,1,0
BRF:13
BRH:0
end_of_record
TN:
SF:/Users/lighttimfire/Desktop/solar-budget/src/screens/Welcome.js
FN:35,Welcome
FN:36,(anonymous_1)
FN:37,(anonymous_2)
FN:37,(anonymous_3)
FNF:4
FNH:0
FNDA:0,Welcome
FNDA:0,(anonymous_1)
FNDA:0,(anonymous_2)
FNDA:0,(anonymous_3)
DA:8,0
DA:36,0
DA:37,0
DA:38,0
LF:4
LH:0
BRDA:50,0,0,0
BRDA:50,0,1,0
BRF:2
BRH:0
end_of_record
TN:
SF:/Users/lighttimfire/Desktop/solar-budget/src/utils/dotSeparation.js
FN:1,(anonymous_0)
FNF:1
FNH:0
FNDA:0,(anonymous_0)
DA:2,0
LF:1
LH:0
BRF:0
BRH:0
end_of_record
